<?xml version='1.0'?>
<ns2:test-suite xmlns:ns2='urn:model.allure.qatools.yandex.ru' start='1666215492629' stop='1666215495285'>
    <name>Swag Labs Ecomerce: Login to the app</name>
    <title>Swag Labs Ecomerce: Login to the app</title>
    <test-cases>
        <test-case start='1666215492630' status='passed' stop='1666215492630'>
            <name></name>
            <title></title>
            <labels>
                <label name='language' value='javascript'/>
                <label name='framework' value='wdio'/>
                <label name='thread' value='0-1'/>
            </labels>
            <parameters>
                <parameter kind='argument' name='browser' value='chrome-106.0.5249.119'/>
            </parameters>
            <steps/>
            <attachments/>
        </test-case>
        <test-case start='1666215492631' status='passed' stop='1666215495076'>
            <name>Given Swag Labs url is open</name>
            <title>Given Swag Labs url is open</title>
            <labels>
                <label name='language' value='javascript'/>
                <label name='framework' value='wdio'/>
                <label name='thread' value='0-1'/>
            </labels>
            <parameters>
                <parameter kind='argument' name='browser' value='chrome-106.0.5249.119'/>
            </parameters>
            <steps>
                <step start='1666215492632' status='passed' stop='1666215494071'>
                    <name>POST /session/:sessionId/url</name>
                    <title>POST /session/:sessionId/url</title>
                    <attachments>
                        <attachment title='Request' source='269cb56a-2249-4074-b5b4-14a667ff91aa-attachment.json' type='application/json' size='41'/>
                    </attachments>
                    <steps/>
                </step>
            </steps>
            <attachments/>
        </test-case>
        <test-case start='1666215495076' status='broken' stop='1666215495284'>
            <name>When User login with standard_user and secret_sauce</name>
            <title>When User login with standard_user and secret_sauce</title>
            <labels>
                <label name='language' value='javascript'/>
                <label name='framework' value='wdio'/>
                <label name='thread' value='0-1'/>
            </labels>
            <parameters>
                <parameter kind='argument' name='browser' value='chrome-106.0.5249.119'/>
            </parameters>
            <steps>
                <step start='1666215495079' status='passed' stop='1666215495099'>
                    <name>POST /session/:sessionId/element</name>
                    <title>POST /session/:sessionId/element</title>
                    <attachments>
                        <attachment title='Request' source='9168de7d-c81a-4171-8d2d-81c9607fcc46-attachment.json' type='application/json' size='64'/>
                        <attachment title='Response' source='5aa0d42a-fed3-47bd-bba7-ba6b416ab5d2-attachment.json' type='application/json' size='83'/>
                    </attachments>
                    <steps/>
                </step>
                <step start='1666215495104' status='passed' stop='1666215495132'>
                    <name>POST /session/:sessionId/element/7eda9237-b630-43ae-8826-9e9ccb91df8f/clear</name>
                    <title>POST /session/:sessionId/element/7eda9237-b630-43ae-8826-9e9ccb91df8f/clear</title>
                    <attachments/>
                    <steps/>
                </step>
                <step start='1666215495136' status='passed' stop='1666215495258'>
                    <name>POST /session/:sessionId/element/7eda9237-b630-43ae-8826-9e9ccb91df8f/value</name>
                    <title>POST /session/:sessionId/element/7eda9237-b630-43ae-8826-9e9ccb91df8f/value</title>
                    <attachments>
                        <attachment title='Request' source='c393d111-7ba2-4765-bb06-9db71a89a922-attachment.json' type='application/json' size='29'/>
                    </attachments>
                    <steps/>
                </step>
                <step start='1666215495258' status='passed' stop='1666215495267'>
                    <name>POST /session/:sessionId/actions</name>
                    <title>POST /session/:sessionId/actions</title>
                    <attachments>
                        <attachment title='Request' source='0d51659e-5f0f-4b15-990b-9917da7067fc-attachment.json' type='application/json' size='249'/>
                    </attachments>
                    <steps/>
                </step>
                <step start='1666215495267' status='passed' stop='1666215495268'>
                    <name>DELETE /session/:sessionId/actions</name>
                    <title>DELETE /session/:sessionId/actions</title>
                    <attachments/>
                    <steps/>
                </step>
                <step start='1666215495268' status='passed' stop='1666215495274'>
                    <name>POST /session/:sessionId/element</name>
                    <title>POST /session/:sessionId/element</title>
                    <attachments>
                        <attachment title='Request' source='bbbc0931-7486-4653-8af6-e7dfb80dc4c1-attachment.json' type='application/json' size='63'/>
                        <attachment title='Response' source='b74f2c24-44f5-4c60-af92-a2b8724ef5db-attachment.json' type='application/json' size='83'/>
                    </attachments>
                    <steps/>
                </step>
            </steps>
            <attachments/>
            <failure>
                <message>TypeError: password.sendKeys is not a function</message>
                <stack-trace>TypeError: password.sendKeys is not a function
                    at World.&lt;anonymous> (/Users/lisandrodossantossilvafernando/Desktop/WebDriverIO/test/features/step-definitions/ecomerce.ts:17:18)
                    at processTicksAndRejections (node:internal/process/task_queues:95:5)</stack-trace>
            </failure>
        </test-case>
        <test-case start='1666215495284' status='broken' stop='1666215495284'>
            <name>Then User click on the login button</name>
            <title>Then User click on the login button</title>
            <labels>
                <label name='language' value='javascript'/>
                <label name='framework' value='wdio'/>
                <label name='thread' value='0-1'/>
            </labels>
            <parameters>
                <parameter kind='argument' name='browser' value='chrome-106.0.5249.119'/>
            </parameters>
            <steps/>
            <attachments/>
            <failure>
                <message>Step "User click on the login button" is not defined. You can ignore this error by setting cucumberOpts.ignoreUndefinedDefinitions as true.</message>
                <stack-trace>Step "User click on the login button" is not defined. You can ignore this error by setting cucumberOpts.ignoreUndefinedDefinitions as true.
                	at Feature(/Users/lisandrodossantossilvafernando/Desktop/WebDriverIO/test/features/demo/ecomerce.feature):1:1
                	at Scenario(Login to the app):4:1
                	at Step(User click on the login button):7:5
                </stack-trace>
            </failure>
        </test-case>
        <test-case start='1666215495284' status='pending' stop='1666215495284'>
            <name>Then URL should match https://www.saucedemo.com</name>
            <title>Then URL should match https://www.saucedemo.com</title>
            <labels>
                <label name='language' value='javascript'/>
                <label name='framework' value='wdio'/>
                <label name='thread' value='0-1'/>
            </labels>
            <parameters>
                <parameter kind='argument' name='browser' value='chrome-106.0.5249.119'/>
            </parameters>
            <steps/>
            <attachments/>
        </test-case>
        <test-case start='1666215495284' status='broken' stop='1666215495284'>
            <name>Then The header title should match value</name>
            <title>Then The header title should match value</title>
            <labels>
                <label name='language' value='javascript'/>
                <label name='framework' value='wdio'/>
                <label name='thread' value='0-1'/>
            </labels>
            <parameters>
                <parameter kind='argument' name='browser' value='chrome-106.0.5249.119'/>
            </parameters>
            <steps/>
            <attachments/>
            <failure>
                <message>Step "The header title should match value" is not defined. You can ignore this error by setting cucumberOpts.ignoreUndefinedDefinitions as true.</message>
                <stack-trace>Step "The header title should match value" is not defined. You can ignore this error by setting cucumberOpts.ignoreUndefinedDefinitions as true.
                	at Feature(/Users/lisandrodossantossilvafernando/Desktop/WebDriverIO/test/features/demo/ecomerce.feature):1:1
                	at Scenario(Login to the app):4:1
                	at Step(The header title should match &lt;Header>):9:5
                </stack-trace>
            </failure>
        </test-case>
        <test-case start='1666215495285' status='passed' stop='1666215495285'>
            <name></name>
            <title></title>
            <labels>
                <label name='language' value='javascript'/>
                <label name='framework' value='wdio'/>
                <label name='thread' value='0-1'/>
            </labels>
            <parameters>
                <parameter kind='argument' name='browser' value='chrome-106.0.5249.119'/>
            </parameters>
            <steps/>
            <attachments/>
        </test-case>
    </test-cases>
</ns2:test-suite>