<?xml version='1.0'?>
<ns2:test-suite xmlns:ns2='urn:model.allure.qatools.yandex.ru' start='1669743228213' stop='1669743283883'>
    <name>Swag Labs Ecomerce</name>
    <title>Swag Labs Ecomerce</title>
    <test-cases>
        <test-case start='1669743228220' status='broken' stop='1669743236196'>
            <name>Login to the app</name>
            <title>Login to the app</title>
            <labels>
                <label name='language' value='javascript'/>
                <label name='framework' value='wdio'/>
                <label name='thread' value='0-1'/>
            </labels>
            <parameters>
                <parameter kind='argument' name='browser' value='chrome-107.0.5304.121'/>
            </parameters>
            <steps>
                <step start='1669743228221' status='passed' stop='1669743229556'>
                    <name>Given Swag Labs url is open</name>
                    <title>Given Swag Labs url is open</title>
                    <attachments/>
                    <steps/>
                </step>
                <step start='1669743229557' status='broken' stop='1669743236196'>
                    <name>When User login with standard_user and secret_sauce and click submit</name>
                    <title>When User login with standard_user and secret_sauce and click submit</title>
                    <attachments>
                        <attachment title='Screenshot' source='d97a85df-be46-456c-a81d-c502ff429497-attachment.png' type='image/png' size='1482906'/>
                    </attachments>
                    <steps/>
                </step>
                <step start='1669743236196' status='canceled' stop='1669743236196'>
                    <name>Then The header title should match PRODUCTS</name>
                    <title>Then The header title should match PRODUCTS</title>
                    <attachments/>
                    <steps/>
                </step>
                <step start='1669743236196' status='canceled' stop='1669743236196'>
                    <name>Then Click the inventory Sauce Labs Backpack</name>
                    <title>Then Click the inventory Sauce Labs Backpack</title>
                    <attachments/>
                    <steps/>
                </step>
            </steps>
            <attachments/>
            <failure>
                <message>Error: element ("#login-button") still not clickable after 5000ms</message>
                <stack-trace>Error: element ("#login-button") still not clickable after 5000ms
                    at async LogingPage.Click (/Users/lisandrodossantossilvafernando/Desktop/WebDriverIO/test/page-objects/page.ts:12:9)
                    at async LogingPage.clickLoginButton (/Users/lisandrodossantossilvafernando/Desktop/WebDriverIO/test/page-objects/loginPage.ts:28:4)
                    at async World.&lt;anonymous> (/Users/lisandrodossantossilvafernando/Desktop/WebDriverIO/test/features/step-definitions/When.ts:9:3)</stack-trace>
            </failure>
        </test-case>
        <test-case start='1669743236197' status='broken' stop='1669743243703'>
            <name>Login to the app</name>
            <title>Login to the app</title>
            <labels>
                <label name='language' value='javascript'/>
                <label name='framework' value='wdio'/>
                <label name='thread' value='0-1'/>
            </labels>
            <parameters>
                <parameter kind='argument' name='browser' value='chrome-107.0.5304.121'/>
            </parameters>
            <steps>
                <step start='1669743236197' status='passed' stop='1669743237221'>
                    <name>Given Swag Labs url is open</name>
                    <title>Given Swag Labs url is open</title>
                    <attachments/>
                    <steps/>
                </step>
                <step start='1669743237221' status='broken' stop='1669743243703'>
                    <name>When User login with problem_user and secret_sauce and click submit</name>
                    <title>When User login with problem_user and secret_sauce and click submit</title>
                    <attachments>
                        <attachment title='Screenshot' source='33306f1d-e4a6-4886-8915-f40a614b701a-attachment.png' type='image/png' size='859547'/>
                    </attachments>
                    <steps/>
                </step>
                <step start='1669743243704' status='canceled' stop='1669743243704'>
                    <name>Then The header title should match PRODUCTS</name>
                    <title>Then The header title should match PRODUCTS</title>
                    <attachments/>
                    <steps/>
                </step>
                <step start='1669743243704' status='canceled' stop='1669743243704'>
                    <name>Then Click the inventory Sauce Labs Bike Light</name>
                    <title>Then Click the inventory Sauce Labs Bike Light</title>
                    <attachments/>
                    <steps/>
                </step>
            </steps>
            <attachments/>
            <failure>
                <message>Error: element ("#login-button") still not clickable after 5000ms</message>
                <stack-trace>Error: element ("#login-button") still not clickable after 5000ms
                    at async LogingPage.Click (/Users/lisandrodossantossilvafernando/Desktop/WebDriverIO/test/page-objects/page.ts:12:9)
                    at async LogingPage.clickLoginButton (/Users/lisandrodossantossilvafernando/Desktop/WebDriverIO/test/page-objects/loginPage.ts:28:4)
                    at async World.&lt;anonymous> (/Users/lisandrodossantossilvafernando/Desktop/WebDriverIO/test/features/step-definitions/When.ts:9:3)</stack-trace>
            </failure>
        </test-case>
        <test-case start='1669743243704' status='broken' stop='1669743256292'>
            <name>Login to the app</name>
            <title>Login to the app</title>
            <labels>
                <label name='language' value='javascript'/>
                <label name='framework' value='wdio'/>
                <label name='thread' value='0-1'/>
            </labels>
            <parameters>
                <parameter kind='argument' name='browser' value='chrome-107.0.5304.121'/>
            </parameters>
            <steps>
                <step start='1669743243704' status='passed' stop='1669743244730'>
                    <name>Given Swag Labs url is open</name>
                    <title>Given Swag Labs url is open</title>
                    <attachments/>
                    <steps/>
                </step>
                <step start='1669743244731' status='broken' stop='1669743256292'>
                    <name>When User login with performance_glitch_user and secret_sauce and click submit</name>
                    <title>When User login with performance_glitch_user and secret_sauce and click submit</title>
                    <attachments>
                        <attachment title='Screenshot' source='48b9daf2-1f4b-482d-b43c-5a7f33a31b55-attachment.png' type='image/png' size='1482911'/>
                    </attachments>
                    <steps/>
                </step>
                <step start='1669743256292' status='canceled' stop='1669743256293'>
                    <name>Then The header title should match PRODUCTS</name>
                    <title>Then The header title should match PRODUCTS</title>
                    <attachments/>
                    <steps/>
                </step>
                <step start='1669743256293' status='canceled' stop='1669743256293'>
                    <name>Then Click the inventory Sauce Labs Fleece Jacket</name>
                    <title>Then Click the inventory Sauce Labs Fleece Jacket</title>
                    <attachments/>
                    <steps/>
                </step>
            </steps>
            <attachments/>
            <failure>
                <message>Error: element ("#login-button") still not clickable after 5000ms</message>
                <stack-trace>Error: element ("#login-button") still not clickable after 5000ms
                    at async LogingPage.Click (/Users/lisandrodossantossilvafernando/Desktop/WebDriverIO/test/page-objects/page.ts:12:9)
                    at async LogingPage.clickLoginButton (/Users/lisandrodossantossilvafernando/Desktop/WebDriverIO/test/page-objects/loginPage.ts:28:4)
                    at async World.&lt;anonymous> (/Users/lisandrodossantossilvafernando/Desktop/WebDriverIO/test/features/step-definitions/When.ts:9:3)</stack-trace>
            </failure>
        </test-case>
        <test-case start='1669743256293' status='broken' stop='1669743263869'>
            <name>Validate the price</name>
            <title>Validate the price</title>
            <labels>
                <label name='language' value='javascript'/>
                <label name='framework' value='wdio'/>
                <label name='thread' value='0-1'/>
            </labels>
            <parameters>
                <parameter kind='argument' name='browser' value='chrome-107.0.5304.121'/>
            </parameters>
            <steps>
                <step start='1669743256293' status='passed' stop='1669743257317'>
                    <name>Given Swag Labs url is open</name>
                    <title>Given Swag Labs url is open</title>
                    <attachments/>
                    <steps/>
                </step>
                <step start='1669743257318' status='broken' stop='1669743263869'>
                    <name>When User login with standard_user and secret_sauce and click submit</name>
                    <title>When User login with standard_user and secret_sauce and click submit</title>
                    <attachments>
                        <attachment title='Screenshot' source='3aee898f-31cb-48b9-b812-7424beeb0023-attachment.png' type='image/png' size='1482911'/>
                    </attachments>
                    <steps/>
                </step>
                <step start='1669743263869' status='canceled' stop='1669743263869'>
                    <name>Then The header title should match PRODUCTS</name>
                    <title>Then The header title should match PRODUCTS</title>
                    <attachments/>
                    <steps/>
                </step>
                <step start='1669743263869' status='canceled' stop='1669743263869'>
                    <name>Then Validate all products have a valid price</name>
                    <title>Then Validate all products have a valid price</title>
                    <attachments/>
                    <steps/>
                </step>
            </steps>
            <attachments/>
            <failure>
                <message>Error: element ("#login-button") still not clickable after 5000ms</message>
                <stack-trace>Error: element ("#login-button") still not clickable after 5000ms
                    at async LogingPage.Click (/Users/lisandrodossantossilvafernando/Desktop/WebDriverIO/test/page-objects/page.ts:12:9)
                    at async LogingPage.clickLoginButton (/Users/lisandrodossantossilvafernando/Desktop/WebDriverIO/test/page-objects/loginPage.ts:28:4)
                    at async World.&lt;anonymous> (/Users/lisandrodossantossilvafernando/Desktop/WebDriverIO/test/features/step-definitions/When.ts:9:3)</stack-trace>
            </failure>
        </test-case>
        <test-case start='1669743263869' status='broken' stop='1669743271320'>
            <name>Validate the price</name>
            <title>Validate the price</title>
            <labels>
                <label name='language' value='javascript'/>
                <label name='framework' value='wdio'/>
                <label name='thread' value='0-1'/>
            </labels>
            <parameters>
                <parameter kind='argument' name='browser' value='chrome-107.0.5304.121'/>
            </parameters>
            <steps>
                <step start='1669743263870' status='passed' stop='1669743264885'>
                    <name>Given Swag Labs url is open</name>
                    <title>Given Swag Labs url is open</title>
                    <attachments/>
                    <steps/>
                </step>
                <step start='1669743264885' status='broken' stop='1669743271320'>
                    <name>When User login with problem_user and secret_sauce and click submit</name>
                    <title>When User login with problem_user and secret_sauce and click submit</title>
                    <attachments>
                        <attachment title='Screenshot' source='53dc6485-877e-4f59-9acc-9bfc7fd1b3cb-attachment.png' type='image/png' size='859547'/>
                    </attachments>
                    <steps/>
                </step>
                <step start='1669743271320' status='canceled' stop='1669743271320'>
                    <name>Then The header title should match PRODUCTS</name>
                    <title>Then The header title should match PRODUCTS</title>
                    <attachments/>
                    <steps/>
                </step>
                <step start='1669743271320' status='canceled' stop='1669743271320'>
                    <name>Then Validate all products have a valid price</name>
                    <title>Then Validate all products have a valid price</title>
                    <attachments/>
                    <steps/>
                </step>
            </steps>
            <attachments/>
            <failure>
                <message>Error: element ("#login-button") still not clickable after 5000ms</message>
                <stack-trace>Error: element ("#login-button") still not clickable after 5000ms
                    at async LogingPage.Click (/Users/lisandrodossantossilvafernando/Desktop/WebDriverIO/test/page-objects/page.ts:12:9)
                    at async LogingPage.clickLoginButton (/Users/lisandrodossantossilvafernando/Desktop/WebDriverIO/test/page-objects/loginPage.ts:28:4)
                    at async World.&lt;anonymous> (/Users/lisandrodossantossilvafernando/Desktop/WebDriverIO/test/features/step-definitions/When.ts:9:3)</stack-trace>
            </failure>
        </test-case>
        <test-case start='1669743271321' status='broken' stop='1669743283883'>
            <name>Validate the price</name>
            <title>Validate the price</title>
            <labels>
                <label name='language' value='javascript'/>
                <label name='framework' value='wdio'/>
                <label name='thread' value='0-1'/>
            </labels>
            <parameters>
                <parameter kind='argument' name='browser' value='chrome-107.0.5304.121'/>
            </parameters>
            <steps>
                <step start='1669743271321' status='passed' stop='1669743272339'>
                    <name>Given Swag Labs url is open</name>
                    <title>Given Swag Labs url is open</title>
                    <attachments/>
                    <steps/>
                </step>
                <step start='1669743272339' status='broken' stop='1669743283883'>
                    <name>When User login with performance_glitch_user and secret_sauce and click submit</name>
                    <title>When User login with performance_glitch_user and secret_sauce and click submit</title>
                    <attachments>
                        <attachment title='Screenshot' source='c659b3db-2814-4d2b-9d2b-5b9d492eadc0-attachment.png' type='image/png' size='1482911'/>
                    </attachments>
                    <steps/>
                </step>
                <step start='1669743283883' status='canceled' stop='1669743283883'>
                    <name>Then The header title should match PRODUCTS</name>
                    <title>Then The header title should match PRODUCTS</title>
                    <attachments/>
                    <steps/>
                </step>
                <step start='1669743283883' status='canceled' stop='1669743283883'>
                    <name>Then Validate all products have a valid price</name>
                    <title>Then Validate all products have a valid price</title>
                    <attachments/>
                    <steps/>
                </step>
            </steps>
            <attachments/>
            <failure>
                <message>Error: element ("#login-button") still not clickable after 5000ms</message>
                <stack-trace>Error: element ("#login-button") still not clickable after 5000ms
                    at async LogingPage.Click (/Users/lisandrodossantossilvafernando/Desktop/WebDriverIO/test/page-objects/page.ts:12:9)
                    at async LogingPage.clickLoginButton (/Users/lisandrodossantossilvafernando/Desktop/WebDriverIO/test/page-objects/loginPage.ts:28:4)
                    at async World.&lt;anonymous> (/Users/lisandrodossantossilvafernando/Desktop/WebDriverIO/test/features/step-definitions/When.ts:9:3)</stack-trace>
            </failure>
        </test-case>
    </test-cases>
</ns2:test-suite>