<?xml version='1.0'?>
<ns2:test-suite xmlns:ns2='urn:model.allure.qatools.yandex.ru' start='1669742648973' stop='1669742716766'>
    <name>Swag Labs Ecomerce</name>
    <title>Swag Labs Ecomerce</title>
    <test-cases>
        <test-case start='1669742648981' status='broken' stop='1669742659025'>
            <name>Login to the app</name>
            <title>Login to the app</title>
            <labels>
                <label name='language' value='javascript'/>
                <label name='framework' value='wdio'/>
                <label name='thread' value='0-1'/>
            </labels>
            <parameters>
                <parameter kind='argument' name='browser' value='chrome-107.0.5304.121'/>
            </parameters>
            <steps>
                <step start='1669742648983' status='passed' stop='1669742650305'>
                    <name>Given Swag Labs url is open</name>
                    <title>Given Swag Labs url is open</title>
                    <attachments/>
                    <steps/>
                </step>
                <step start='1669742650305' status='broken' stop='1669742659025'>
                    <name>When User login with standard_user and secret_sauce and click submit</name>
                    <title>When User login with standard_user and secret_sauce and click submit</title>
                    <attachments>
                        <attachment title='Screenshot' source='bbb7daa3-b301-4735-9c93-8740f07a15ba-attachment.png' type='image/png' size='1482911'/>
                    </attachments>
                    <steps/>
                </step>
                <step start='1669742659025' status='canceled' stop='1669742659025'>
                    <name>Then The header title should match PRODUCTS</name>
                    <title>Then The header title should match PRODUCTS</title>
                    <attachments/>
                    <steps/>
                </step>
                <step start='1669742659026' status='canceled' stop='1669742659026'>
                    <name>Then Click the inventory Sauce Labs Backpack</name>
                    <title>Then Click the inventory Sauce Labs Backpack</title>
                    <attachments/>
                    <steps/>
                </step>
            </steps>
            <attachments/>
            <failure>
                <message>Error: element ("[data-test="login-button"]") still not clickable after 7000ms</message>
                <stack-trace>Error: element ("[data-test="login-button"]") still not clickable after 7000ms
                    at async LogingPage.Click (/Users/lisandrodossantossilvafernando/Desktop/WebDriverIO/test/page-objects/page.ts:12:9)
                    at async LogingPage.clickLoginButton (/Users/lisandrodossantossilvafernando/Desktop/WebDriverIO/test/page-objects/loginPage.ts:28:4)
                    at async World.&lt;anonymous> (/Users/lisandrodossantossilvafernando/Desktop/WebDriverIO/test/features/step-definitions/When.ts:9:3)</stack-trace>
            </failure>
        </test-case>
        <test-case start='1669742659026' status='broken' stop='1669742668575'>
            <name>Login to the app</name>
            <title>Login to the app</title>
            <labels>
                <label name='language' value='javascript'/>
                <label name='framework' value='wdio'/>
                <label name='thread' value='0-1'/>
            </labels>
            <parameters>
                <parameter kind='argument' name='browser' value='chrome-107.0.5304.121'/>
            </parameters>
            <steps>
                <step start='1669742659027' status='passed' stop='1669742660061'>
                    <name>Given Swag Labs url is open</name>
                    <title>Given Swag Labs url is open</title>
                    <attachments/>
                    <steps/>
                </step>
                <step start='1669742660063' status='broken' stop='1669742668575'>
                    <name>When User login with problem_user and secret_sauce and click submit</name>
                    <title>When User login with problem_user and secret_sauce and click submit</title>
                    <attachments>
                        <attachment title='Screenshot' source='3d0f1874-7405-4603-ae6f-5474224a8835-attachment.png' type='image/png' size='859547'/>
                    </attachments>
                    <steps/>
                </step>
                <step start='1669742668576' status='canceled' stop='1669742668576'>
                    <name>Then The header title should match PRODUCTS</name>
                    <title>Then The header title should match PRODUCTS</title>
                    <attachments/>
                    <steps/>
                </step>
                <step start='1669742668576' status='canceled' stop='1669742668576'>
                    <name>Then Click the inventory Sauce Labs Bike Light</name>
                    <title>Then Click the inventory Sauce Labs Bike Light</title>
                    <attachments/>
                    <steps/>
                </step>
            </steps>
            <attachments/>
            <failure>
                <message>Error: element ("[data-test="login-button"]") still not clickable after 7000ms</message>
                <stack-trace>Error: element ("[data-test="login-button"]") still not clickable after 7000ms
                    at async LogingPage.Click (/Users/lisandrodossantossilvafernando/Desktop/WebDriverIO/test/page-objects/page.ts:12:9)
                    at async LogingPage.clickLoginButton (/Users/lisandrodossantossilvafernando/Desktop/WebDriverIO/test/page-objects/loginPage.ts:28:4)
                    at async World.&lt;anonymous> (/Users/lisandrodossantossilvafernando/Desktop/WebDriverIO/test/features/step-definitions/When.ts:9:3)</stack-trace>
            </failure>
        </test-case>
        <test-case start='1669742668577' status='broken' stop='1669742683116'>
            <name>Login to the app</name>
            <title>Login to the app</title>
            <labels>
                <label name='language' value='javascript'/>
                <label name='framework' value='wdio'/>
                <label name='thread' value='0-1'/>
            </labels>
            <parameters>
                <parameter kind='argument' name='browser' value='chrome-107.0.5304.121'/>
            </parameters>
            <steps>
                <step start='1669742668577' status='passed' stop='1669742669601'>
                    <name>Given Swag Labs url is open</name>
                    <title>Given Swag Labs url is open</title>
                    <attachments/>
                    <steps/>
                </step>
                <step start='1669742669601' status='broken' stop='1669742683116'>
                    <name>When User login with performance_glitch_user and secret_sauce and click submit</name>
                    <title>When User login with performance_glitch_user and secret_sauce and click submit</title>
                    <attachments>
                        <attachment title='Screenshot' source='67702028-d7ba-414d-95a4-8fefdf33a93d-attachment.png' type='image/png' size='1482911'/>
                    </attachments>
                    <steps/>
                </step>
                <step start='1669742683116' status='canceled' stop='1669742683116'>
                    <name>Then The header title should match PRODUCTS</name>
                    <title>Then The header title should match PRODUCTS</title>
                    <attachments/>
                    <steps/>
                </step>
                <step start='1669742683117' status='canceled' stop='1669742683117'>
                    <name>Then Click the inventory Sauce Labs Fleece Jacket</name>
                    <title>Then Click the inventory Sauce Labs Fleece Jacket</title>
                    <attachments/>
                    <steps/>
                </step>
            </steps>
            <attachments/>
            <failure>
                <message>Error: element ("[data-test="login-button"]") still not clickable after 7000ms</message>
                <stack-trace>Error: element ("[data-test="login-button"]") still not clickable after 7000ms
                    at async LogingPage.Click (/Users/lisandrodossantossilvafernando/Desktop/WebDriverIO/test/page-objects/page.ts:12:9)
                    at async LogingPage.clickLoginButton (/Users/lisandrodossantossilvafernando/Desktop/WebDriverIO/test/page-objects/loginPage.ts:28:4)
                    at async World.&lt;anonymous> (/Users/lisandrodossantossilvafernando/Desktop/WebDriverIO/test/features/step-definitions/When.ts:9:3)</stack-trace>
            </failure>
        </test-case>
        <test-case start='1669742683117' status='broken' stop='1669742692688'>
            <name>Validate the price</name>
            <title>Validate the price</title>
            <labels>
                <label name='language' value='javascript'/>
                <label name='framework' value='wdio'/>
                <label name='thread' value='0-1'/>
            </labels>
            <parameters>
                <parameter kind='argument' name='browser' value='chrome-107.0.5304.121'/>
            </parameters>
            <steps>
                <step start='1669742683117' status='passed' stop='1669742684142'>
                    <name>Given Swag Labs url is open</name>
                    <title>Given Swag Labs url is open</title>
                    <attachments/>
                    <steps/>
                </step>
                <step start='1669742684143' status='broken' stop='1669742692688'>
                    <name>When User login with standard_user and secret_sauce and click submit</name>
                    <title>When User login with standard_user and secret_sauce and click submit</title>
                    <attachments>
                        <attachment title='Screenshot' source='293a31d4-aae5-44f3-9abb-c76f3ac6089a-attachment.png' type='image/png' size='1482911'/>
                    </attachments>
                    <steps/>
                </step>
                <step start='1669742692688' status='canceled' stop='1669742692688'>
                    <name>Then The header title should match PRODUCTS</name>
                    <title>Then The header title should match PRODUCTS</title>
                    <attachments/>
                    <steps/>
                </step>
                <step start='1669742692689' status='canceled' stop='1669742692689'>
                    <name>Then Validate all products have a valid price</name>
                    <title>Then Validate all products have a valid price</title>
                    <attachments/>
                    <steps/>
                </step>
            </steps>
            <attachments/>
            <failure>
                <message>Error: element ("[data-test="login-button"]") still not clickable after 7000ms</message>
                <stack-trace>Error: element ("[data-test="login-button"]") still not clickable after 7000ms
                    at async LogingPage.Click (/Users/lisandrodossantossilvafernando/Desktop/WebDriverIO/test/page-objects/page.ts:12:9)
                    at async LogingPage.clickLoginButton (/Users/lisandrodossantossilvafernando/Desktop/WebDriverIO/test/page-objects/loginPage.ts:28:4)
                    at async World.&lt;anonymous> (/Users/lisandrodossantossilvafernando/Desktop/WebDriverIO/test/features/step-definitions/When.ts:9:3)</stack-trace>
            </failure>
        </test-case>
        <test-case start='1669742692689' status='broken' stop='1669742702205'>
            <name>Validate the price</name>
            <title>Validate the price</title>
            <labels>
                <label name='language' value='javascript'/>
                <label name='framework' value='wdio'/>
                <label name='thread' value='0-1'/>
            </labels>
            <parameters>
                <parameter kind='argument' name='browser' value='chrome-107.0.5304.121'/>
            </parameters>
            <steps>
                <step start='1669742692689' status='passed' stop='1669742693708'>
                    <name>Given Swag Labs url is open</name>
                    <title>Given Swag Labs url is open</title>
                    <attachments/>
                    <steps/>
                </step>
                <step start='1669742693708' status='broken' stop='1669742702205'>
                    <name>When User login with problem_user and secret_sauce and click submit</name>
                    <title>When User login with problem_user and secret_sauce and click submit</title>
                    <attachments>
                        <attachment title='Screenshot' source='d62ffe49-3417-495c-a32a-9c39a4a04ccd-attachment.png' type='image/png' size='859547'/>
                    </attachments>
                    <steps/>
                </step>
                <step start='1669742702205' status='canceled' stop='1669742702205'>
                    <name>Then The header title should match PRODUCTS</name>
                    <title>Then The header title should match PRODUCTS</title>
                    <attachments/>
                    <steps/>
                </step>
                <step start='1669742702205' status='canceled' stop='1669742702205'>
                    <name>Then Validate all products have a valid price</name>
                    <title>Then Validate all products have a valid price</title>
                    <attachments/>
                    <steps/>
                </step>
            </steps>
            <attachments/>
            <failure>
                <message>Error: element ("[data-test="login-button"]") still not clickable after 7000ms</message>
                <stack-trace>Error: element ("[data-test="login-button"]") still not clickable after 7000ms
                    at async LogingPage.Click (/Users/lisandrodossantossilvafernando/Desktop/WebDriverIO/test/page-objects/page.ts:12:9)
                    at async LogingPage.clickLoginButton (/Users/lisandrodossantossilvafernando/Desktop/WebDriverIO/test/page-objects/loginPage.ts:28:4)
                    at async World.&lt;anonymous> (/Users/lisandrodossantossilvafernando/Desktop/WebDriverIO/test/features/step-definitions/When.ts:9:3)</stack-trace>
            </failure>
        </test-case>
        <test-case start='1669742702205' status='broken' stop='1669742716765'>
            <name>Validate the price</name>
            <title>Validate the price</title>
            <labels>
                <label name='language' value='javascript'/>
                <label name='framework' value='wdio'/>
                <label name='thread' value='0-1'/>
            </labels>
            <parameters>
                <parameter kind='argument' name='browser' value='chrome-107.0.5304.121'/>
            </parameters>
            <steps>
                <step start='1669742702205' status='passed' stop='1669742703226'>
                    <name>Given Swag Labs url is open</name>
                    <title>Given Swag Labs url is open</title>
                    <attachments/>
                    <steps/>
                </step>
                <step start='1669742703226' status='broken' stop='1669742716765'>
                    <name>When User login with performance_glitch_user and secret_sauce and click submit</name>
                    <title>When User login with performance_glitch_user and secret_sauce and click submit</title>
                    <attachments>
                        <attachment title='Screenshot' source='0cafe78f-fb6f-41c1-978c-8bd6b6f75201-attachment.png' type='image/png' size='1482911'/>
                    </attachments>
                    <steps/>
                </step>
                <step start='1669742716765' status='canceled' stop='1669742716765'>
                    <name>Then The header title should match PRODUCTS</name>
                    <title>Then The header title should match PRODUCTS</title>
                    <attachments/>
                    <steps/>
                </step>
                <step start='1669742716765' status='canceled' stop='1669742716765'>
                    <name>Then Validate all products have a valid price</name>
                    <title>Then Validate all products have a valid price</title>
                    <attachments/>
                    <steps/>
                </step>
            </steps>
            <attachments/>
            <failure>
                <message>Error: element ("[data-test="login-button"]") still not clickable after 7000ms</message>
                <stack-trace>Error: element ("[data-test="login-button"]") still not clickable after 7000ms
                    at async LogingPage.Click (/Users/lisandrodossantossilvafernando/Desktop/WebDriverIO/test/page-objects/page.ts:12:9)
                    at async LogingPage.clickLoginButton (/Users/lisandrodossantossilvafernando/Desktop/WebDriverIO/test/page-objects/loginPage.ts:28:4)
                    at async World.&lt;anonymous> (/Users/lisandrodossantossilvafernando/Desktop/WebDriverIO/test/features/step-definitions/When.ts:9:3)</stack-trace>
            </failure>
        </test-case>
    </test-cases>
</ns2:test-suite>