<?xml version='1.0'?>
<ns2:test-suite xmlns:ns2='urn:model.allure.qatools.yandex.ru' start='1669330779067' stop='1669330800850'>
    <name>Swag Labs Ecomerce</name>
    <title>Swag Labs Ecomerce</title>
    <test-cases>
        <test-case start='1669330779075' status='broken' stop='1669330787319'>
            <name>Login to the app</name>
            <title>Login to the app</title>
            <labels>
                <label name='language' value='javascript'/>
                <label name='framework' value='wdio'/>
                <label name='thread' value='0-1'/>
            </labels>
            <parameters>
                <parameter kind='argument' name='browser' value='chrome-107.0.5304.121'/>
            </parameters>
            <steps>
                <step start='1669330779077' status='passed' stop='1669330783948'>
                    <name>Given Swag Labs url is open</name>
                    <title>Given Swag Labs url is open</title>
                    <attachments/>
                    <steps/>
                </step>
                <step start='1669330783948' status='passed' stop='1669330785201'>
                    <name>When User login with standard_user and secret_sauce</name>
                    <title>When User login with standard_user and secret_sauce</title>
                    <attachments/>
                    <steps/>
                </step>
                <step start='1669330785201' status='passed' stop='1669330786276'>
                    <name>Then User click on the login button</name>
                    <title>Then User click on the login button</title>
                    <attachments/>
                    <steps/>
                </step>
                <step start='1669330786277' status='passed' stop='1669330787317'>
                    <name>Then The header title should match PRODUCTS</name>
                    <title>Then The header title should match PRODUCTS</title>
                    <attachments/>
                    <steps/>
                </step>
                <step start='1669330787317' status='broken' stop='1669330787318'>
                    <name>Then Click the inventory Sauce Labs Backpack</name>
                    <title>Then Click the inventory Sauce Labs Backpack</title>
                    <attachments/>
                    <steps/>
                </step>
            </steps>
            <attachments/>
            <failure>
                <message>Step "Click the inventory Sauce Labs Backpack" is not defined. You can ignore this error by setting cucumberOpts.ignoreUndefinedDefinitions as true.</message>
                <stack-trace>Step "Click the inventory Sauce Labs Backpack" is not defined. You can ignore this error by setting cucumberOpts.ignoreUndefinedDefinitions as true.
                	at Feature(/Users/lisandrodossantossilvafernando/Desktop/WebDriverIO/test/features/demo/ecomerce.feature):1:1
                	at Scenario(Login to the app):4:1
                	at Step(Click the inventory &lt;product>):9:5
                </stack-trace>
            </failure>
        </test-case>
        <test-case start='1669330787323' status='broken' stop='1669330791617'>
            <name>Login to the app</name>
            <title>Login to the app</title>
            <labels>
                <label name='language' value='javascript'/>
                <label name='framework' value='wdio'/>
                <label name='thread' value='0-1'/>
            </labels>
            <parameters>
                <parameter kind='argument' name='browser' value='chrome-107.0.5304.121'/>
            </parameters>
            <steps>
                <step start='1669330787324' status='passed' stop='1669330788364'>
                    <name>Given Swag Labs url is open</name>
                    <title>Given Swag Labs url is open</title>
                    <attachments/>
                    <steps/>
                </step>
                <step start='1669330788364' status='passed' stop='1669330789525'>
                    <name>When User login with problem_user and secret_sauce</name>
                    <title>When User login with problem_user and secret_sauce</title>
                    <attachments/>
                    <steps/>
                </step>
                <step start='1669330789525' status='passed' stop='1669330790595'>
                    <name>Then User click on the login button</name>
                    <title>Then User click on the login button</title>
                    <attachments/>
                    <steps/>
                </step>
                <step start='1669330790595' status='passed' stop='1669330791616'>
                    <name>Then The header title should match PRODUCTS</name>
                    <title>Then The header title should match PRODUCTS</title>
                    <attachments/>
                    <steps/>
                </step>
                <step start='1669330791617' status='broken' stop='1669330791617'>
                    <name>Then Click the inventory Sauce Labs Bike Light</name>
                    <title>Then Click the inventory Sauce Labs Bike Light</title>
                    <attachments/>
                    <steps/>
                </step>
            </steps>
            <attachments/>
            <failure>
                <message>Step "Click the inventory Sauce Labs Bike Light" is not defined. You can ignore this error by setting cucumberOpts.ignoreUndefinedDefinitions as true.</message>
                <stack-trace>Step "Click the inventory Sauce Labs Bike Light" is not defined. You can ignore this error by setting cucumberOpts.ignoreUndefinedDefinitions as true.
                	at Feature(/Users/lisandrodossantossilvafernando/Desktop/WebDriverIO/test/features/demo/ecomerce.feature):1:1
                	at Scenario(Login to the app):4:1
                	at Step(Click the inventory &lt;product>):9:5
                </stack-trace>
            </failure>
        </test-case>
        <test-case start='1669330791617' status='broken' stop='1669330800847'>
            <name>Login to the app</name>
            <title>Login to the app</title>
            <labels>
                <label name='language' value='javascript'/>
                <label name='framework' value='wdio'/>
                <label name='thread' value='0-1'/>
            </labels>
            <parameters>
                <parameter kind='argument' name='browser' value='chrome-107.0.5304.121'/>
            </parameters>
            <steps>
                <step start='1669330791617' status='passed' stop='1669330792651'>
                    <name>Given Swag Labs url is open</name>
                    <title>Given Swag Labs url is open</title>
                    <attachments/>
                    <steps/>
                </step>
                <step start='1669330792651' status='passed' stop='1669330793769'>
                    <name>When User login with performance_glitch_user and secret_sauce</name>
                    <title>When User login with performance_glitch_user and secret_sauce</title>
                    <attachments/>
                    <steps/>
                </step>
                <step start='1669330793769' status='passed' stop='1669330799816'>
                    <name>Then User click on the login button</name>
                    <title>Then User click on the login button</title>
                    <attachments/>
                    <steps/>
                </step>
                <step start='1669330799816' status='passed' stop='1669330800846'>
                    <name>Then The header title should match PRODUCTS</name>
                    <title>Then The header title should match PRODUCTS</title>
                    <attachments/>
                    <steps/>
                </step>
                <step start='1669330800846' status='broken' stop='1669330800847'>
                    <name>Then Click the inventory Sauce Labs Fleece Jacket</name>
                    <title>Then Click the inventory Sauce Labs Fleece Jacket</title>
                    <attachments/>
                    <steps/>
                </step>
            </steps>
            <attachments/>
            <failure>
                <message>Step "Click the inventory Sauce Labs Fleece Jacket" is not defined. You can ignore this error by setting cucumberOpts.ignoreUndefinedDefinitions as true.</message>
                <stack-trace>Step "Click the inventory Sauce Labs Fleece Jacket" is not defined. You can ignore this error by setting cucumberOpts.ignoreUndefinedDefinitions as true.
                	at Feature(/Users/lisandrodossantossilvafernando/Desktop/WebDriverIO/test/features/demo/ecomerce.feature):1:1
                	at Scenario(Login to the app):4:1
                	at Step(Click the inventory &lt;product>):9:5
                </stack-trace>
            </failure>
        </test-case>
    </test-cases>
</ns2:test-suite>