<?xml version='1.0'?>
<ns2:test-suite xmlns:ns2='urn:model.allure.qatools.yandex.ru' start='1669762166956' stop='1669762252658'>
    <name>Swag Labs Ecomerce</name>
    <title>Swag Labs Ecomerce</title>
    <test-cases>
        <test-case start='1669762166965' status='broken' stop='1669762179924'>
            <name>Login to the app</name>
            <title>Login to the app</title>
            <labels>
                <label name='language' value='javascript'/>
                <label name='framework' value='wdio'/>
                <label name='thread' value='0-1'/>
            </labels>
            <parameters>
                <parameter kind='argument' name='browser' value='chrome-107.0.5304.121'/>
            </parameters>
            <steps>
                <step start='1669762166966' status='passed' stop='1669762168271'>
                    <name>Given Swag Labs url is open</name>
                    <title>Given Swag Labs url is open</title>
                    <attachments/>
                    <steps/>
                </step>
                <step start='1669762168271' status='broken' stop='1669762179924'>
                    <name>When User login with standard_user and secret_sauce and click submit</name>
                    <title>When User login with standard_user and secret_sauce and click submit</title>
                    <attachments>
                        <attachment title='Screenshot' source='f68fa4fe-88ba-48b3-aafd-1035588760bb-attachment.png' type='image/png' size='1482911'/>
                    </attachments>
                    <steps/>
                </step>
                <step start='1669762179924' status='canceled' stop='1669762179924'>
                    <name>Then The header title should match PRODUCTS</name>
                    <title>Then The header title should match PRODUCTS</title>
                    <attachments/>
                    <steps/>
                </step>
                <step start='1669762179924' status='canceled' stop='1669762179924'>
                    <name>Then Click the inventory Sauce Labs Backpack</name>
                    <title>Then Click the inventory Sauce Labs Backpack</title>
                    <attachments/>
                    <steps/>
                </step>
            </steps>
            <attachments/>
            <failure>
                <message>Error: Can't call click on element with selector "#login-button" because element wasn't found</message>
                <stack-trace>Error: Can't call click on element with selector "#login-button" because element wasn't found
                    at async LogingPage.clickLoginButton (/Users/lisandrodossantossilvafernando/Desktop/WebDriverIO/test/page-objects/loginPage.ts:28:4)
                    at async World.&lt;anonymous> (/Users/lisandrodossantossilvafernando/Desktop/WebDriverIO/test/features/step-definitions/When.ts:9:3)</stack-trace>
            </failure>
        </test-case>
        <test-case start='1669762179925' status='broken' stop='1669762192473'>
            <name>Login to the app</name>
            <title>Login to the app</title>
            <labels>
                <label name='language' value='javascript'/>
                <label name='framework' value='wdio'/>
                <label name='thread' value='0-1'/>
            </labels>
            <parameters>
                <parameter kind='argument' name='browser' value='chrome-107.0.5304.121'/>
            </parameters>
            <steps>
                <step start='1669762179925' status='passed' stop='1669762180967'>
                    <name>Given Swag Labs url is open</name>
                    <title>Given Swag Labs url is open</title>
                    <attachments/>
                    <steps/>
                </step>
                <step start='1669762180967' status='broken' stop='1669762192473'>
                    <name>When User login with problem_user and secret_sauce and click submit</name>
                    <title>When User login with problem_user and secret_sauce and click submit</title>
                    <attachments>
                        <attachment title='Screenshot' source='0f60e3a9-b1af-4abf-91d6-df88e11973f6-attachment.png' type='image/png' size='859547'/>
                    </attachments>
                    <steps/>
                </step>
                <step start='1669762192473' status='canceled' stop='1669762192473'>
                    <name>Then The header title should match PRODUCTS</name>
                    <title>Then The header title should match PRODUCTS</title>
                    <attachments/>
                    <steps/>
                </step>
                <step start='1669762192473' status='canceled' stop='1669762192473'>
                    <name>Then Click the inventory Sauce Labs Bike Light</name>
                    <title>Then Click the inventory Sauce Labs Bike Light</title>
                    <attachments/>
                    <steps/>
                </step>
            </steps>
            <attachments/>
            <failure>
                <message>Error: Can't call click on element with selector "#login-button" because element wasn't found</message>
                <stack-trace>Error: Can't call click on element with selector "#login-button" because element wasn't found
                    at async LogingPage.clickLoginButton (/Users/lisandrodossantossilvafernando/Desktop/WebDriverIO/test/page-objects/loginPage.ts:28:4)
                    at async World.&lt;anonymous> (/Users/lisandrodossantossilvafernando/Desktop/WebDriverIO/test/features/step-definitions/When.ts:9:3)</stack-trace>
            </failure>
        </test-case>
        <test-case start='1669762192474' status='broken' stop='1669762210031'>
            <name>Login to the app</name>
            <title>Login to the app</title>
            <labels>
                <label name='language' value='javascript'/>
                <label name='framework' value='wdio'/>
                <label name='thread' value='0-1'/>
            </labels>
            <parameters>
                <parameter kind='argument' name='browser' value='chrome-107.0.5304.121'/>
            </parameters>
            <steps>
                <step start='1669762192474' status='passed' stop='1669762193499'>
                    <name>Given Swag Labs url is open</name>
                    <title>Given Swag Labs url is open</title>
                    <attachments/>
                    <steps/>
                </step>
                <step start='1669762193499' status='broken' stop='1669762210031'>
                    <name>When User login with performance_glitch_user and secret_sauce and click submit</name>
                    <title>When User login with performance_glitch_user and secret_sauce and click submit</title>
                    <attachments>
                        <attachment title='Screenshot' source='a5b182aa-7ae5-4939-8259-db20b4dacc89-attachment.png' type='image/png' size='1482911'/>
                    </attachments>
                    <steps/>
                </step>
                <step start='1669762210031' status='canceled' stop='1669762210031'>
                    <name>Then The header title should match PRODUCTS</name>
                    <title>Then The header title should match PRODUCTS</title>
                    <attachments/>
                    <steps/>
                </step>
                <step start='1669762210031' status='canceled' stop='1669762210031'>
                    <name>Then Click the inventory Sauce Labs Fleece Jacket</name>
                    <title>Then Click the inventory Sauce Labs Fleece Jacket</title>
                    <attachments/>
                    <steps/>
                </step>
            </steps>
            <attachments/>
            <failure>
                <message>Error: Can't call click on element with selector "#login-button" because element wasn't found</message>
                <stack-trace>Error: Can't call click on element with selector "#login-button" because element wasn't found
                    at async LogingPage.clickLoginButton (/Users/lisandrodossantossilvafernando/Desktop/WebDriverIO/test/page-objects/loginPage.ts:28:4)
                    at async World.&lt;anonymous> (/Users/lisandrodossantossilvafernando/Desktop/WebDriverIO/test/features/step-definitions/When.ts:9:3)</stack-trace>
            </failure>
        </test-case>
        <test-case start='1669762210031' status='broken' stop='1669762222586'>
            <name>Validate the price</name>
            <title>Validate the price</title>
            <labels>
                <label name='language' value='javascript'/>
                <label name='framework' value='wdio'/>
                <label name='thread' value='0-1'/>
            </labels>
            <parameters>
                <parameter kind='argument' name='browser' value='chrome-107.0.5304.121'/>
            </parameters>
            <steps>
                <step start='1669762210031' status='passed' stop='1669762211057'>
                    <name>Given Swag Labs url is open</name>
                    <title>Given Swag Labs url is open</title>
                    <attachments/>
                    <steps/>
                </step>
                <step start='1669762211058' status='broken' stop='1669762222586'>
                    <name>When User login with standard_user and secret_sauce and click submit</name>
                    <title>When User login with standard_user and secret_sauce and click submit</title>
                    <attachments>
                        <attachment title='Screenshot' source='0eaa53a7-0069-47c9-b3ef-dd821f698f03-attachment.png' type='image/png' size='1482911'/>
                    </attachments>
                    <steps/>
                </step>
                <step start='1669762222587' status='canceled' stop='1669762222587'>
                    <name>Then The header title should match PRODUCTS</name>
                    <title>Then The header title should match PRODUCTS</title>
                    <attachments/>
                    <steps/>
                </step>
                <step start='1669762222587' status='canceled' stop='1669762222587'>
                    <name>Then Validate all products have a valid price</name>
                    <title>Then Validate all products have a valid price</title>
                    <attachments/>
                    <steps/>
                </step>
            </steps>
            <attachments/>
            <failure>
                <message>Error: Can't call click on element with selector "#login-button" because element wasn't found</message>
                <stack-trace>Error: Can't call click on element with selector "#login-button" because element wasn't found
                    at async LogingPage.clickLoginButton (/Users/lisandrodossantossilvafernando/Desktop/WebDriverIO/test/page-objects/loginPage.ts:28:4)
                    at async World.&lt;anonymous> (/Users/lisandrodossantossilvafernando/Desktop/WebDriverIO/test/features/step-definitions/When.ts:9:3)</stack-trace>
            </failure>
        </test-case>
        <test-case start='1669762222587' status='broken' stop='1669762235070'>
            <name>Validate the price</name>
            <title>Validate the price</title>
            <labels>
                <label name='language' value='javascript'/>
                <label name='framework' value='wdio'/>
                <label name='thread' value='0-1'/>
            </labels>
            <parameters>
                <parameter kind='argument' name='browser' value='chrome-107.0.5304.121'/>
            </parameters>
            <steps>
                <step start='1669762222587' status='passed' stop='1669762223611'>
                    <name>Given Swag Labs url is open</name>
                    <title>Given Swag Labs url is open</title>
                    <attachments/>
                    <steps/>
                </step>
                <step start='1669762223611' status='broken' stop='1669762235070'>
                    <name>When User login with problem_user and secret_sauce and click submit</name>
                    <title>When User login with problem_user and secret_sauce and click submit</title>
                    <attachments>
                        <attachment title='Screenshot' source='8ace0e69-2259-46d1-a842-583e6a8ff499-attachment.png' type='image/png' size='859547'/>
                    </attachments>
                    <steps/>
                </step>
                <step start='1669762235070' status='canceled' stop='1669762235070'>
                    <name>Then The header title should match PRODUCTS</name>
                    <title>Then The header title should match PRODUCTS</title>
                    <attachments/>
                    <steps/>
                </step>
                <step start='1669762235070' status='canceled' stop='1669762235070'>
                    <name>Then Validate all products have a valid price</name>
                    <title>Then Validate all products have a valid price</title>
                    <attachments/>
                    <steps/>
                </step>
            </steps>
            <attachments/>
            <failure>
                <message>Error: Can't call click on element with selector "#login-button" because element wasn't found</message>
                <stack-trace>Error: Can't call click on element with selector "#login-button" because element wasn't found
                    at async LogingPage.clickLoginButton (/Users/lisandrodossantossilvafernando/Desktop/WebDriverIO/test/page-objects/loginPage.ts:28:4)
                    at async World.&lt;anonymous> (/Users/lisandrodossantossilvafernando/Desktop/WebDriverIO/test/features/step-definitions/When.ts:9:3)</stack-trace>
            </failure>
        </test-case>
        <test-case start='1669762235070' status='broken' stop='1669762252657'>
            <name>Validate the price</name>
            <title>Validate the price</title>
            <labels>
                <label name='language' value='javascript'/>
                <label name='framework' value='wdio'/>
                <label name='thread' value='0-1'/>
            </labels>
            <parameters>
                <parameter kind='argument' name='browser' value='chrome-107.0.5304.121'/>
            </parameters>
            <steps>
                <step start='1669762235070' status='passed' stop='1669762236090'>
                    <name>Given Swag Labs url is open</name>
                    <title>Given Swag Labs url is open</title>
                    <attachments/>
                    <steps/>
                </step>
                <step start='1669762236090' status='broken' stop='1669762252657'>
                    <name>When User login with performance_glitch_user and secret_sauce and click submit</name>
                    <title>When User login with performance_glitch_user and secret_sauce and click submit</title>
                    <attachments>
                        <attachment title='Screenshot' source='5a2787aa-2d99-47c6-96ef-7c63203c87bd-attachment.png' type='image/png' size='1482911'/>
                    </attachments>
                    <steps/>
                </step>
                <step start='1669762252657' status='canceled' stop='1669762252657'>
                    <name>Then The header title should match PRODUCTS</name>
                    <title>Then The header title should match PRODUCTS</title>
                    <attachments/>
                    <steps/>
                </step>
                <step start='1669762252657' status='canceled' stop='1669762252657'>
                    <name>Then Validate all products have a valid price</name>
                    <title>Then Validate all products have a valid price</title>
                    <attachments/>
                    <steps/>
                </step>
            </steps>
            <attachments/>
            <failure>
                <message>Error: Can't call click on element with selector "#login-button" because element wasn't found</message>
                <stack-trace>Error: Can't call click on element with selector "#login-button" because element wasn't found
                    at async LogingPage.clickLoginButton (/Users/lisandrodossantossilvafernando/Desktop/WebDriverIO/test/page-objects/loginPage.ts:28:4)
                    at async World.&lt;anonymous> (/Users/lisandrodossantossilvafernando/Desktop/WebDriverIO/test/features/step-definitions/When.ts:9:3)</stack-trace>
            </failure>
        </test-case>
    </test-cases>
</ns2:test-suite>