<?xml version='1.0'?>
<ns2:test-suite xmlns:ns2='urn:model.allure.qatools.yandex.ru' start='1669744126118' stop='1669744181818'>
    <name>Swag Labs Ecomerce</name>
    <title>Swag Labs Ecomerce</title>
    <test-cases>
        <test-case start='1669744126125' status='broken' stop='1669744134180'>
            <name>Login to the app</name>
            <title>Login to the app</title>
            <labels>
                <label name='language' value='javascript'/>
                <label name='framework' value='wdio'/>
                <label name='thread' value='0-1'/>
            </labels>
            <parameters>
                <parameter kind='argument' name='browser' value='chrome-107.0.5304.121'/>
            </parameters>
            <steps>
                <step start='1669744126126' status='passed' stop='1669744127457'>
                    <name>Given Swag Labs url is open</name>
                    <title>Given Swag Labs url is open</title>
                    <attachments/>
                    <steps/>
                </step>
                <step start='1669744127457' status='broken' stop='1669744134180'>
                    <name>When User login with standard_user and secret_sauce and click submit</name>
                    <title>When User login with standard_user and secret_sauce and click submit</title>
                    <attachments>
                        <attachment title='Screenshot' source='72d8b5ce-bb3f-4c00-bee7-81cdc9c14672-attachment.png' type='image/png' size='1482906'/>
                    </attachments>
                    <steps/>
                </step>
                <step start='1669744134180' status='canceled' stop='1669744134181'>
                    <name>Then The header title should match PRODUCTS</name>
                    <title>Then The header title should match PRODUCTS</title>
                    <attachments/>
                    <steps/>
                </step>
                <step start='1669744134181' status='canceled' stop='1669744134181'>
                    <name>Then Click the inventory Sauce Labs Backpack</name>
                    <title>Then Click the inventory Sauce Labs Backpack</title>
                    <attachments/>
                    <steps/>
                </step>
            </steps>
            <attachments/>
            <failure>
                <message>Error: element ("#login-button") still not clickable after 5000ms</message>
                <stack-trace>Error: element ("#login-button") still not clickable after 5000ms
                    at async LogingPage.Click (/Users/lisandrodossantossilvafernando/Desktop/WebDriverIO/test/page-objects/page.ts:12:9)
                    at async LogingPage.clickLoginButton (/Users/lisandrodossantossilvafernando/Desktop/WebDriverIO/test/page-objects/loginPage.ts:28:4)
                    at async World.&lt;anonymous> (/Users/lisandrodossantossilvafernando/Desktop/WebDriverIO/test/features/step-definitions/When.ts:9:3)</stack-trace>
            </failure>
        </test-case>
        <test-case start='1669744134181' status='broken' stop='1669744141692'>
            <name>Login to the app</name>
            <title>Login to the app</title>
            <labels>
                <label name='language' value='javascript'/>
                <label name='framework' value='wdio'/>
                <label name='thread' value='0-1'/>
            </labels>
            <parameters>
                <parameter kind='argument' name='browser' value='chrome-107.0.5304.121'/>
            </parameters>
            <steps>
                <step start='1669744134182' status='passed' stop='1669744135208'>
                    <name>Given Swag Labs url is open</name>
                    <title>Given Swag Labs url is open</title>
                    <attachments/>
                    <steps/>
                </step>
                <step start='1669744135208' status='broken' stop='1669744141692'>
                    <name>When User login with problem_user and secret_sauce and click submit</name>
                    <title>When User login with problem_user and secret_sauce and click submit</title>
                    <attachments>
                        <attachment title='Screenshot' source='51cea8cf-4468-4b70-98b2-2bdeab40e683-attachment.png' type='image/png' size='859547'/>
                    </attachments>
                    <steps/>
                </step>
                <step start='1669744141692' status='canceled' stop='1669744141692'>
                    <name>Then The header title should match PRODUCTS</name>
                    <title>Then The header title should match PRODUCTS</title>
                    <attachments/>
                    <steps/>
                </step>
                <step start='1669744141692' status='canceled' stop='1669744141692'>
                    <name>Then Click the inventory Sauce Labs Bike Light</name>
                    <title>Then Click the inventory Sauce Labs Bike Light</title>
                    <attachments/>
                    <steps/>
                </step>
            </steps>
            <attachments/>
            <failure>
                <message>Error: element ("#login-button") still not clickable after 5000ms</message>
                <stack-trace>Error: element ("#login-button") still not clickable after 5000ms
                    at async LogingPage.Click (/Users/lisandrodossantossilvafernando/Desktop/WebDriverIO/test/page-objects/page.ts:12:9)
                    at async LogingPage.clickLoginButton (/Users/lisandrodossantossilvafernando/Desktop/WebDriverIO/test/page-objects/loginPage.ts:28:4)
                    at async World.&lt;anonymous> (/Users/lisandrodossantossilvafernando/Desktop/WebDriverIO/test/features/step-definitions/When.ts:9:3)</stack-trace>
            </failure>
        </test-case>
        <test-case start='1669744141693' status='broken' stop='1669744154291'>
            <name>Login to the app</name>
            <title>Login to the app</title>
            <labels>
                <label name='language' value='javascript'/>
                <label name='framework' value='wdio'/>
                <label name='thread' value='0-1'/>
            </labels>
            <parameters>
                <parameter kind='argument' name='browser' value='chrome-107.0.5304.121'/>
            </parameters>
            <steps>
                <step start='1669744141694' status='passed' stop='1669744142732'>
                    <name>Given Swag Labs url is open</name>
                    <title>Given Swag Labs url is open</title>
                    <attachments/>
                    <steps/>
                </step>
                <step start='1669744142733' status='broken' stop='1669744154291'>
                    <name>When User login with performance_glitch_user and secret_sauce and click submit</name>
                    <title>When User login with performance_glitch_user and secret_sauce and click submit</title>
                    <attachments>
                        <attachment title='Screenshot' source='1818ea33-55d2-4053-a7a2-51fc21043ed3-attachment.png' type='image/png' size='1482911'/>
                    </attachments>
                    <steps/>
                </step>
                <step start='1669744154291' status='canceled' stop='1669744154291'>
                    <name>Then The header title should match PRODUCTS</name>
                    <title>Then The header title should match PRODUCTS</title>
                    <attachments/>
                    <steps/>
                </step>
                <step start='1669744154292' status='canceled' stop='1669744154292'>
                    <name>Then Click the inventory Sauce Labs Fleece Jacket</name>
                    <title>Then Click the inventory Sauce Labs Fleece Jacket</title>
                    <attachments/>
                    <steps/>
                </step>
            </steps>
            <attachments/>
            <failure>
                <message>Error: element ("#login-button") still not clickable after 5000ms</message>
                <stack-trace>Error: element ("#login-button") still not clickable after 5000ms
                    at async LogingPage.Click (/Users/lisandrodossantossilvafernando/Desktop/WebDriverIO/test/page-objects/page.ts:12:9)
                    at async LogingPage.clickLoginButton (/Users/lisandrodossantossilvafernando/Desktop/WebDriverIO/test/page-objects/loginPage.ts:28:4)
                    at async World.&lt;anonymous> (/Users/lisandrodossantossilvafernando/Desktop/WebDriverIO/test/features/step-definitions/When.ts:9:3)</stack-trace>
            </failure>
        </test-case>
        <test-case start='1669744154292' status='broken' stop='1669744161842'>
            <name>Validate the price</name>
            <title>Validate the price</title>
            <labels>
                <label name='language' value='javascript'/>
                <label name='framework' value='wdio'/>
                <label name='thread' value='0-1'/>
            </labels>
            <parameters>
                <parameter kind='argument' name='browser' value='chrome-107.0.5304.121'/>
            </parameters>
            <steps>
                <step start='1669744154292' status='passed' stop='1669744155315'>
                    <name>Given Swag Labs url is open</name>
                    <title>Given Swag Labs url is open</title>
                    <attachments/>
                    <steps/>
                </step>
                <step start='1669744155316' status='broken' stop='1669744161842'>
                    <name>When User login with standard_user and secret_sauce and click submit</name>
                    <title>When User login with standard_user and secret_sauce and click submit</title>
                    <attachments>
                        <attachment title='Screenshot' source='2bab4bfd-5610-4368-998b-07030eb0697b-attachment.png' type='image/png' size='1482911'/>
                    </attachments>
                    <steps/>
                </step>
                <step start='1669744161842' status='canceled' stop='1669744161843'>
                    <name>Then The header title should match PRODUCTS</name>
                    <title>Then The header title should match PRODUCTS</title>
                    <attachments/>
                    <steps/>
                </step>
                <step start='1669744161843' status='canceled' stop='1669744161843'>
                    <name>Then Validate all products have a valid price</name>
                    <title>Then Validate all products have a valid price</title>
                    <attachments/>
                    <steps/>
                </step>
            </steps>
            <attachments/>
            <failure>
                <message>Error: element ("#login-button") still not clickable after 5000ms</message>
                <stack-trace>Error: element ("#login-button") still not clickable after 5000ms
                    at async LogingPage.Click (/Users/lisandrodossantossilvafernando/Desktop/WebDriverIO/test/page-objects/page.ts:12:9)
                    at async LogingPage.clickLoginButton (/Users/lisandrodossantossilvafernando/Desktop/WebDriverIO/test/page-objects/loginPage.ts:28:4)
                    at async World.&lt;anonymous> (/Users/lisandrodossantossilvafernando/Desktop/WebDriverIO/test/features/step-definitions/When.ts:9:3)</stack-trace>
            </failure>
        </test-case>
        <test-case start='1669744161843' status='broken' stop='1669744169300'>
            <name>Validate the price</name>
            <title>Validate the price</title>
            <labels>
                <label name='language' value='javascript'/>
                <label name='framework' value='wdio'/>
                <label name='thread' value='0-1'/>
            </labels>
            <parameters>
                <parameter kind='argument' name='browser' value='chrome-107.0.5304.121'/>
            </parameters>
            <steps>
                <step start='1669744161843' status='passed' stop='1669744162867'>
                    <name>Given Swag Labs url is open</name>
                    <title>Given Swag Labs url is open</title>
                    <attachments/>
                    <steps/>
                </step>
                <step start='1669744162867' status='broken' stop='1669744169300'>
                    <name>When User login with problem_user and secret_sauce and click submit</name>
                    <title>When User login with problem_user and secret_sauce and click submit</title>
                    <attachments>
                        <attachment title='Screenshot' source='9f592fd2-9118-4118-948a-1dad14ded1fb-attachment.png' type='image/png' size='859547'/>
                    </attachments>
                    <steps/>
                </step>
                <step start='1669744169300' status='canceled' stop='1669744169300'>
                    <name>Then The header title should match PRODUCTS</name>
                    <title>Then The header title should match PRODUCTS</title>
                    <attachments/>
                    <steps/>
                </step>
                <step start='1669744169300' status='canceled' stop='1669744169300'>
                    <name>Then Validate all products have a valid price</name>
                    <title>Then Validate all products have a valid price</title>
                    <attachments/>
                    <steps/>
                </step>
            </steps>
            <attachments/>
            <failure>
                <message>Error: element ("#login-button") still not clickable after 5000ms</message>
                <stack-trace>Error: element ("#login-button") still not clickable after 5000ms
                    at async LogingPage.Click (/Users/lisandrodossantossilvafernando/Desktop/WebDriverIO/test/page-objects/page.ts:12:9)
                    at async LogingPage.clickLoginButton (/Users/lisandrodossantossilvafernando/Desktop/WebDriverIO/test/page-objects/loginPage.ts:28:4)
                    at async World.&lt;anonymous> (/Users/lisandrodossantossilvafernando/Desktop/WebDriverIO/test/features/step-definitions/When.ts:9:3)</stack-trace>
            </failure>
        </test-case>
        <test-case start='1669744169300' status='broken' stop='1669744181817'>
            <name>Validate the price</name>
            <title>Validate the price</title>
            <labels>
                <label name='language' value='javascript'/>
                <label name='framework' value='wdio'/>
                <label name='thread' value='0-1'/>
            </labels>
            <parameters>
                <parameter kind='argument' name='browser' value='chrome-107.0.5304.121'/>
            </parameters>
            <steps>
                <step start='1669744169301' status='passed' stop='1669744170319'>
                    <name>Given Swag Labs url is open</name>
                    <title>Given Swag Labs url is open</title>
                    <attachments/>
                    <steps/>
                </step>
                <step start='1669744170319' status='broken' stop='1669744181817'>
                    <name>When User login with performance_glitch_user and secret_sauce and click submit</name>
                    <title>When User login with performance_glitch_user and secret_sauce and click submit</title>
                    <attachments>
                        <attachment title='Screenshot' source='5b387123-1b64-4696-971f-2d9a5536682c-attachment.png' type='image/png' size='1482911'/>
                    </attachments>
                    <steps/>
                </step>
                <step start='1669744181817' status='canceled' stop='1669744181817'>
                    <name>Then The header title should match PRODUCTS</name>
                    <title>Then The header title should match PRODUCTS</title>
                    <attachments/>
                    <steps/>
                </step>
                <step start='1669744181818' status='canceled' stop='1669744181818'>
                    <name>Then Validate all products have a valid price</name>
                    <title>Then Validate all products have a valid price</title>
                    <attachments/>
                    <steps/>
                </step>
            </steps>
            <attachments/>
            <failure>
                <message>Error: element ("#login-button") still not clickable after 5000ms</message>
                <stack-trace>Error: element ("#login-button") still not clickable after 5000ms
                    at async LogingPage.Click (/Users/lisandrodossantossilvafernando/Desktop/WebDriverIO/test/page-objects/page.ts:12:9)
                    at async LogingPage.clickLoginButton (/Users/lisandrodossantossilvafernando/Desktop/WebDriverIO/test/page-objects/loginPage.ts:28:4)
                    at async World.&lt;anonymous> (/Users/lisandrodossantossilvafernando/Desktop/WebDriverIO/test/features/step-definitions/When.ts:9:3)</stack-trace>
            </failure>
        </test-case>
    </test-cases>
</ns2:test-suite>