<?xml version='1.0'?>
<ns2:test-suite xmlns:ns2='urn:model.allure.qatools.yandex.ru' start='1669675237716' stop='1669675299557'>
    <name>Swag Labs Ecomerce</name>
    <title>Swag Labs Ecomerce</title>
    <test-cases>
        <test-case start='1669675237723' status='broken' stop='1669675246738'>
            <name>Login to the app</name>
            <title>Login to the app</title>
            <labels>
                <label name='language' value='javascript'/>
                <label name='framework' value='wdio'/>
                <label name='thread' value='0-1'/>
            </labels>
            <parameters>
                <parameter kind='argument' name='browser' value='chrome-107.0.5304.121'/>
            </parameters>
            <steps>
                <step start='1669675237724' status='passed' stop='1669675239040'>
                    <name>Given Swag Labs url is open</name>
                    <title>Given Swag Labs url is open</title>
                    <attachments/>
                    <steps/>
                </step>
                <step start='1669675239040' status='passed' stop='1669675240359'>
                    <name>When User login with standard_user and secret_sauce</name>
                    <title>When User login with standard_user and secret_sauce</title>
                    <attachments/>
                    <steps/>
                </step>
                <step start='1669675240359' status='broken' stop='1669675246738'>
                    <name>Then User click on the login button</name>
                    <title>Then User click on the login button</title>
                    <attachments>
                        <attachment title='Screenshot' source='0d58dab3-ee55-4d97-b756-5811142bcf5e-attachment.png' type='image/png' size='1482911'/>
                    </attachments>
                    <steps/>
                </step>
                <step start='1669675246739' status='canceled' stop='1669675246739'>
                    <name>Then The header title should match PRODUCTS</name>
                    <title>Then The header title should match PRODUCTS</title>
                    <attachments/>
                    <steps/>
                </step>
                <step start='1669675246739' status='canceled' stop='1669675246739'>
                    <name>Then Click the inventory Sauce Labs Backpack</name>
                    <title>Then Click the inventory Sauce Labs Backpack</title>
                    <attachments/>
                    <steps/>
                </step>
            </steps>
            <attachments/>
            <failure>
                <message>Error: element ("[type=submit]") still not clickable after 5000ms</message>
                <stack-trace>Error: element ("[type=submit]") still not clickable after 5000ms
                    at async LogingPage.click (/Users/lisandrodossantossilvafernando/Desktop/WebDriverIO/test/page-objects/page.ts:15:9)
                    at async LogingPage.clickLoginButton (/Users/lisandrodossantossilvafernando/Desktop/WebDriverIO/test/page-objects/loginPage.ts:30:4)
                    at async World.&lt;anonymous> (/Users/lisandrodossantossilvafernando/Desktop/WebDriverIO/test/features/step-definitions/Then.ts:7:5)</stack-trace>
            </failure>
        </test-case>
        <test-case start='1669675246740' status='broken' stop='1669675255308'>
            <name>Login to the app</name>
            <title>Login to the app</title>
            <labels>
                <label name='language' value='javascript'/>
                <label name='framework' value='wdio'/>
                <label name='thread' value='0-1'/>
            </labels>
            <parameters>
                <parameter kind='argument' name='browser' value='chrome-107.0.5304.121'/>
            </parameters>
            <steps>
                <step start='1669675246740' status='passed' stop='1669675247772'>
                    <name>Given Swag Labs url is open</name>
                    <title>Given Swag Labs url is open</title>
                    <attachments/>
                    <steps/>
                </step>
                <step start='1669675247774' status='passed' stop='1669675249004'>
                    <name>When User login with problem_user and secret_sauce</name>
                    <title>When User login with problem_user and secret_sauce</title>
                    <attachments/>
                    <steps/>
                </step>
                <step start='1669675249004' status='broken' stop='1669675255308'>
                    <name>Then User click on the login button</name>
                    <title>Then User click on the login button</title>
                    <attachments>
                        <attachment title='Screenshot' source='f11d3e07-1df0-4b3e-9f4a-3e966a38a1c3-attachment.png' type='image/png' size='859547'/>
                    </attachments>
                    <steps/>
                </step>
                <step start='1669675255308' status='canceled' stop='1669675255308'>
                    <name>Then The header title should match PRODUCTS</name>
                    <title>Then The header title should match PRODUCTS</title>
                    <attachments/>
                    <steps/>
                </step>
                <step start='1669675255308' status='canceled' stop='1669675255308'>
                    <name>Then Click the inventory Sauce Labs Bike Light</name>
                    <title>Then Click the inventory Sauce Labs Bike Light</title>
                    <attachments/>
                    <steps/>
                </step>
            </steps>
            <attachments/>
            <failure>
                <message>Error: element ("[type=submit]") still not clickable after 5000ms</message>
                <stack-trace>Error: element ("[type=submit]") still not clickable after 5000ms
                    at async LogingPage.click (/Users/lisandrodossantossilvafernando/Desktop/WebDriverIO/test/page-objects/page.ts:15:9)
                    at async LogingPage.clickLoginButton (/Users/lisandrodossantossilvafernando/Desktop/WebDriverIO/test/page-objects/loginPage.ts:30:4)
                    at async World.&lt;anonymous> (/Users/lisandrodossantossilvafernando/Desktop/WebDriverIO/test/features/step-definitions/Then.ts:7:5)</stack-trace>
            </failure>
        </test-case>
        <test-case start='1669675255309' status='broken' stop='1669675268888'>
            <name>Login to the app</name>
            <title>Login to the app</title>
            <labels>
                <label name='language' value='javascript'/>
                <label name='framework' value='wdio'/>
                <label name='thread' value='0-1'/>
            </labels>
            <parameters>
                <parameter kind='argument' name='browser' value='chrome-107.0.5304.121'/>
            </parameters>
            <steps>
                <step start='1669675255310' status='passed' stop='1669675256329'>
                    <name>Given Swag Labs url is open</name>
                    <title>Given Swag Labs url is open</title>
                    <attachments/>
                    <steps/>
                </step>
                <step start='1669675256329' status='passed' stop='1669675262530'>
                    <name>When User login with performance_glitch_user and secret_sauce</name>
                    <title>When User login with performance_glitch_user and secret_sauce</title>
                    <attachments/>
                    <steps/>
                </step>
                <step start='1669675262530' status='broken' stop='1669675268888'>
                    <name>Then User click on the login button</name>
                    <title>Then User click on the login button</title>
                    <attachments>
                        <attachment title='Screenshot' source='3beeb57e-4734-42ac-b88c-830837e53966-attachment.png' type='image/png' size='1482911'/>
                    </attachments>
                    <steps/>
                </step>
                <step start='1669675268888' status='canceled' stop='1669675268888'>
                    <name>Then The header title should match PRODUCTS</name>
                    <title>Then The header title should match PRODUCTS</title>
                    <attachments/>
                    <steps/>
                </step>
                <step start='1669675268888' status='canceled' stop='1669675268888'>
                    <name>Then Click the inventory Sauce Labs Fleece Jacket</name>
                    <title>Then Click the inventory Sauce Labs Fleece Jacket</title>
                    <attachments/>
                    <steps/>
                </step>
            </steps>
            <attachments/>
            <failure>
                <message>Error: element ("[type=submit]") still not clickable after 5000ms</message>
                <stack-trace>Error: element ("[type=submit]") still not clickable after 5000ms
                    at async LogingPage.click (/Users/lisandrodossantossilvafernando/Desktop/WebDriverIO/test/page-objects/page.ts:15:9)
                    at async LogingPage.clickLoginButton (/Users/lisandrodossantossilvafernando/Desktop/WebDriverIO/test/page-objects/loginPage.ts:30:4)
                    at async World.&lt;anonymous> (/Users/lisandrodossantossilvafernando/Desktop/WebDriverIO/test/features/step-definitions/Then.ts:7:5)</stack-trace>
            </failure>
        </test-case>
        <test-case start='1669675268889' status='broken' stop='1669675277518'>
            <name>Validate the price</name>
            <title>Validate the price</title>
            <labels>
                <label name='language' value='javascript'/>
                <label name='framework' value='wdio'/>
                <label name='thread' value='0-1'/>
            </labels>
            <parameters>
                <parameter kind='argument' name='browser' value='chrome-107.0.5304.121'/>
            </parameters>
            <steps>
                <step start='1669675268889' status='passed' stop='1669675269916'>
                    <name>Given Swag Labs url is open</name>
                    <title>Given Swag Labs url is open</title>
                    <attachments/>
                    <steps/>
                </step>
                <step start='1669675269916' status='passed' stop='1669675271153'>
                    <name>When User login with standard_user and secret_sauce</name>
                    <title>When User login with standard_user and secret_sauce</title>
                    <attachments/>
                    <steps/>
                </step>
                <step start='1669675271153' status='broken' stop='1669675277518'>
                    <name>Then User click on the login button</name>
                    <title>Then User click on the login button</title>
                    <attachments>
                        <attachment title='Screenshot' source='22a0b07f-825d-4ed4-8bbc-d488834c5344-attachment.png' type='image/png' size='1482911'/>
                    </attachments>
                    <steps/>
                </step>
                <step start='1669675277518' status='canceled' stop='1669675277518'>
                    <name>Then The header title should match PRODUCTS</name>
                    <title>Then The header title should match PRODUCTS</title>
                    <attachments/>
                    <steps/>
                </step>
                <step start='1669675277518' status='canceled' stop='1669675277518'>
                    <name>Then Validate all products have a valid price</name>
                    <title>Then Validate all products have a valid price</title>
                    <attachments/>
                    <steps/>
                </step>
            </steps>
            <attachments/>
            <failure>
                <message>Error: element ("[type=submit]") still not clickable after 5000ms</message>
                <stack-trace>Error: element ("[type=submit]") still not clickable after 5000ms
                    at async LogingPage.click (/Users/lisandrodossantossilvafernando/Desktop/WebDriverIO/test/page-objects/page.ts:15:9)
                    at async LogingPage.clickLoginButton (/Users/lisandrodossantossilvafernando/Desktop/WebDriverIO/test/page-objects/loginPage.ts:30:4)
                    at async World.&lt;anonymous> (/Users/lisandrodossantossilvafernando/Desktop/WebDriverIO/test/features/step-definitions/Then.ts:7:5)</stack-trace>
            </failure>
        </test-case>
        <test-case start='1669675277519' status='broken' stop='1669675286019'>
            <name>Validate the price</name>
            <title>Validate the price</title>
            <labels>
                <label name='language' value='javascript'/>
                <label name='framework' value='wdio'/>
                <label name='thread' value='0-1'/>
            </labels>
            <parameters>
                <parameter kind='argument' name='browser' value='chrome-107.0.5304.121'/>
            </parameters>
            <steps>
                <step start='1669675277519' status='passed' stop='1669675278546'>
                    <name>Given Swag Labs url is open</name>
                    <title>Given Swag Labs url is open</title>
                    <attachments/>
                    <steps/>
                </step>
                <step start='1669675278546' status='passed' stop='1669675279728'>
                    <name>When User login with problem_user and secret_sauce</name>
                    <title>When User login with problem_user and secret_sauce</title>
                    <attachments/>
                    <steps/>
                </step>
                <step start='1669675279729' status='broken' stop='1669675286019'>
                    <name>Then User click on the login button</name>
                    <title>Then User click on the login button</title>
                    <attachments>
                        <attachment title='Screenshot' source='96889976-3078-44e0-83fc-8f767f36c9de-attachment.png' type='image/png' size='859547'/>
                    </attachments>
                    <steps/>
                </step>
                <step start='1669675286019' status='canceled' stop='1669675286019'>
                    <name>Then The header title should match PRODUCTS</name>
                    <title>Then The header title should match PRODUCTS</title>
                    <attachments/>
                    <steps/>
                </step>
                <step start='1669675286019' status='canceled' stop='1669675286019'>
                    <name>Then Validate all products have a valid price</name>
                    <title>Then Validate all products have a valid price</title>
                    <attachments/>
                    <steps/>
                </step>
            </steps>
            <attachments/>
            <failure>
                <message>Error: element ("[type=submit]") still not clickable after 5000ms</message>
                <stack-trace>Error: element ("[type=submit]") still not clickable after 5000ms
                    at async LogingPage.click (/Users/lisandrodossantossilvafernando/Desktop/WebDriverIO/test/page-objects/page.ts:15:9)
                    at async LogingPage.clickLoginButton (/Users/lisandrodossantossilvafernando/Desktop/WebDriverIO/test/page-objects/loginPage.ts:30:4)
                    at async World.&lt;anonymous> (/Users/lisandrodossantossilvafernando/Desktop/WebDriverIO/test/features/step-definitions/Then.ts:7:5)</stack-trace>
            </failure>
        </test-case>
        <test-case start='1669675286019' status='broken' stop='1669675299556'>
            <name>Validate the price</name>
            <title>Validate the price</title>
            <labels>
                <label name='language' value='javascript'/>
                <label name='framework' value='wdio'/>
                <label name='thread' value='0-1'/>
            </labels>
            <parameters>
                <parameter kind='argument' name='browser' value='chrome-107.0.5304.121'/>
            </parameters>
            <steps>
                <step start='1669675286019' status='passed' stop='1669675287037'>
                    <name>Given Swag Labs url is open</name>
                    <title>Given Swag Labs url is open</title>
                    <attachments/>
                    <steps/>
                </step>
                <step start='1669675287037' status='passed' stop='1669675293195'>
                    <name>When User login with performance_glitch_user and secret_sauce</name>
                    <title>When User login with performance_glitch_user and secret_sauce</title>
                    <attachments/>
                    <steps/>
                </step>
                <step start='1669675293195' status='broken' stop='1669675299556'>
                    <name>Then User click on the login button</name>
                    <title>Then User click on the login button</title>
                    <attachments>
                        <attachment title='Screenshot' source='b42795f5-42da-4434-9e46-793a11f88259-attachment.png' type='image/png' size='1482911'/>
                    </attachments>
                    <steps/>
                </step>
                <step start='1669675299556' status='canceled' stop='1669675299557'>
                    <name>Then The header title should match PRODUCTS</name>
                    <title>Then The header title should match PRODUCTS</title>
                    <attachments/>
                    <steps/>
                </step>
                <step start='1669675299557' status='canceled' stop='1669675299557'>
                    <name>Then Validate all products have a valid price</name>
                    <title>Then Validate all products have a valid price</title>
                    <attachments/>
                    <steps/>
                </step>
            </steps>
            <attachments/>
            <failure>
                <message>Error: element ("[type=submit]") still not clickable after 5000ms</message>
                <stack-trace>Error: element ("[type=submit]") still not clickable after 5000ms
                    at async LogingPage.click (/Users/lisandrodossantossilvafernando/Desktop/WebDriverIO/test/page-objects/page.ts:15:9)
                    at async LogingPage.clickLoginButton (/Users/lisandrodossantossilvafernando/Desktop/WebDriverIO/test/page-objects/loginPage.ts:30:4)
                    at async World.&lt;anonymous> (/Users/lisandrodossantossilvafernando/Desktop/WebDriverIO/test/features/step-definitions/Then.ts:7:5)</stack-trace>
            </failure>
        </test-case>
    </test-cases>
</ns2:test-suite>