<?xml version='1.0'?>
<ns2:test-suite xmlns:ns2='urn:model.allure.qatools.yandex.ru' start='1669674090074' stop='1669674098151'>
    <name>Swag Labs Ecomerce</name>
    <title>Swag Labs Ecomerce</title>
    <test-cases>
        <test-case start='1669674090082' status='broken' stop='1669674091750'>
            <name>Login to the app</name>
            <title>Login to the app</title>
            <labels>
                <label name='language' value='javascript'/>
                <label name='framework' value='wdio'/>
                <label name='thread' value='0-1'/>
            </labels>
            <parameters>
                <parameter kind='argument' name='browser' value='chrome-107.0.5304.121'/>
            </parameters>
            <steps>
                <step start='1669674090083' status='passed' stop='1669674091415'>
                    <name>Given Swag Labs url is open</name>
                    <title>Given Swag Labs url is open</title>
                    <attachments/>
                    <steps/>
                </step>
                <step start='1669674091415' status='broken' stop='1669674091750'>
                    <name>When User login with standard_user and secret_sauce</name>
                    <title>When User login with standard_user and secret_sauce</title>
                    <attachments>
                        <attachment title='Screenshot' source='e95caa11-7b28-47de-9f49-52ba15204425-attachment.png' type='image/png' size='175000'/>
                    </attachments>
                    <steps/>
                </step>
                <step start='1669674091750' status='canceled' stop='1669674091751'>
                    <name>Then User click on the login button</name>
                    <title>Then User click on the login button</title>
                    <attachments/>
                    <steps/>
                </step>
                <step start='1669674091751' status='canceled' stop='1669674091751'>
                    <name>Then The header title should match PRODUCTS</name>
                    <title>Then The header title should match PRODUCTS</title>
                    <attachments/>
                    <steps/>
                </step>
                <step start='1669674091751' status='canceled' stop='1669674091751'>
                    <name>Then Click the inventory Sauce Labs Backpack</name>
                    <title>Then Click the inventory Sauce Labs Backpack</title>
                    <attachments/>
                    <steps/>
                </step>
            </steps>
            <attachments/>
            <failure>
                <message>Error: Given username: secret_sauce is not valid</message>
                <stack-trace>Error: Given username: secret_sauce is not valid
                    at LogingPage.enterPassword (/Users/lisandrodossantossilvafernando/Desktop/WebDriverIO/test/page-objects/loginPage.ts:23:24)
                    at LogingPage.loginToSauceApp (/Users/lisandrodossantossilvafernando/Desktop/WebDriverIO/test/page-objects/loginPage.ts:34:16)
                    at processTicksAndRejections (node:internal/process/task_queues:95:5)
                    at async World.&lt;anonymous> (/Users/lisandrodossantossilvafernando/Desktop/WebDriverIO/test/features/step-definitions/When.ts:8:3)</stack-trace>
            </failure>
        </test-case>
        <test-case start='1669674091751' status='broken' stop='1669674093055'>
            <name>Login to the app</name>
            <title>Login to the app</title>
            <labels>
                <label name='language' value='javascript'/>
                <label name='framework' value='wdio'/>
                <label name='thread' value='0-1'/>
            </labels>
            <parameters>
                <parameter kind='argument' name='browser' value='chrome-107.0.5304.121'/>
            </parameters>
            <steps>
                <step start='1669674091752' status='passed' stop='1669674092785'>
                    <name>Given Swag Labs url is open</name>
                    <title>Given Swag Labs url is open</title>
                    <attachments/>
                    <steps/>
                </step>
                <step start='1669674092785' status='broken' stop='1669674093055'>
                    <name>When User login with problem_user and secret_sauce</name>
                    <title>When User login with problem_user and secret_sauce</title>
                    <attachments>
                        <attachment title='Screenshot' source='6c2e3c60-b1cd-4135-babe-802c6e553ded-attachment.png' type='image/png' size='174721'/>
                    </attachments>
                    <steps/>
                </step>
                <step start='1669674093055' status='canceled' stop='1669674093055'>
                    <name>Then User click on the login button</name>
                    <title>Then User click on the login button</title>
                    <attachments/>
                    <steps/>
                </step>
                <step start='1669674093056' status='canceled' stop='1669674093057'>
                    <name>Then The header title should match PRODUCTS</name>
                    <title>Then The header title should match PRODUCTS</title>
                    <attachments/>
                    <steps/>
                </step>
                <step start='1669674093057' status='canceled' stop='1669674093057'>
                    <name>Then Click the inventory Sauce Labs Bike Light</name>
                    <title>Then Click the inventory Sauce Labs Bike Light</title>
                    <attachments/>
                    <steps/>
                </step>
            </steps>
            <attachments/>
            <failure>
                <message>Error: Given username: secret_sauce is not valid</message>
                <stack-trace>Error: Given username: secret_sauce is not valid
                    at LogingPage.enterPassword (/Users/lisandrodossantossilvafernando/Desktop/WebDriverIO/test/page-objects/loginPage.ts:23:24)
                    at LogingPage.loginToSauceApp (/Users/lisandrodossantossilvafernando/Desktop/WebDriverIO/test/page-objects/loginPage.ts:34:16)
                    at processTicksAndRejections (node:internal/process/task_queues:95:5)
                    at async World.&lt;anonymous> (/Users/lisandrodossantossilvafernando/Desktop/WebDriverIO/test/features/step-definitions/When.ts:8:3)</stack-trace>
            </failure>
        </test-case>
        <test-case start='1669674093057' status='broken' stop='1669674094350'>
            <name>Login to the app</name>
            <title>Login to the app</title>
            <labels>
                <label name='language' value='javascript'/>
                <label name='framework' value='wdio'/>
                <label name='thread' value='0-1'/>
            </labels>
            <parameters>
                <parameter kind='argument' name='browser' value='chrome-107.0.5304.121'/>
            </parameters>
            <steps>
                <step start='1669674093057' status='passed' stop='1669674094108'>
                    <name>Given Swag Labs url is open</name>
                    <title>Given Swag Labs url is open</title>
                    <attachments/>
                    <steps/>
                </step>
                <step start='1669674094108' status='broken' stop='1669674094350'>
                    <name>When User login with performance_glitch_user and secret_sauce</name>
                    <title>When User login with performance_glitch_user and secret_sauce</title>
                    <attachments>
                        <attachment title='Screenshot' source='eacc9326-652f-40c4-aabd-5c2dca136db5-attachment.png' type='image/png' size='178768'/>
                    </attachments>
                    <steps/>
                </step>
                <step start='1669674094350' status='canceled' stop='1669674094350'>
                    <name>Then User click on the login button</name>
                    <title>Then User click on the login button</title>
                    <attachments/>
                    <steps/>
                </step>
                <step start='1669674094350' status='canceled' stop='1669674094350'>
                    <name>Then The header title should match PRODUCTS</name>
                    <title>Then The header title should match PRODUCTS</title>
                    <attachments/>
                    <steps/>
                </step>
                <step start='1669674094350' status='canceled' stop='1669674094350'>
                    <name>Then Click the inventory Sauce Labs Fleece Jacket</name>
                    <title>Then Click the inventory Sauce Labs Fleece Jacket</title>
                    <attachments/>
                    <steps/>
                </step>
            </steps>
            <attachments/>
            <failure>
                <message>Error: Given username: secret_sauce is not valid</message>
                <stack-trace>Error: Given username: secret_sauce is not valid
                    at LogingPage.enterPassword (/Users/lisandrodossantossilvafernando/Desktop/WebDriverIO/test/page-objects/loginPage.ts:23:24)
                    at LogingPage.loginToSauceApp (/Users/lisandrodossantossilvafernando/Desktop/WebDriverIO/test/page-objects/loginPage.ts:34:16)
                    at processTicksAndRejections (node:internal/process/task_queues:95:5)
                    at async World.&lt;anonymous> (/Users/lisandrodossantossilvafernando/Desktop/WebDriverIO/test/features/step-definitions/When.ts:8:3)</stack-trace>
            </failure>
        </test-case>
        <test-case start='1669674094350' status='broken' stop='1669674095608'>
            <name>Validate the price</name>
            <title>Validate the price</title>
            <labels>
                <label name='language' value='javascript'/>
                <label name='framework' value='wdio'/>
                <label name='thread' value='0-1'/>
            </labels>
            <parameters>
                <parameter kind='argument' name='browser' value='chrome-107.0.5304.121'/>
            </parameters>
            <steps>
                <step start='1669674094350' status='passed' stop='1669674095367'>
                    <name>Given Swag Labs url is open</name>
                    <title>Given Swag Labs url is open</title>
                    <attachments/>
                    <steps/>
                </step>
                <step start='1669674095367' status='broken' stop='1669674095608'>
                    <name>When User login with standard_user and secret_sauce</name>
                    <title>When User login with standard_user and secret_sauce</title>
                    <attachments>
                        <attachment title='Screenshot' source='907637ae-19b0-4370-974a-dfd0076b3ce0-attachment.png' type='image/png' size='175000'/>
                    </attachments>
                    <steps/>
                </step>
                <step start='1669674095608' status='canceled' stop='1669674095609'>
                    <name>Then User click on the login button</name>
                    <title>Then User click on the login button</title>
                    <attachments/>
                    <steps/>
                </step>
                <step start='1669674095609' status='canceled' stop='1669674095609'>
                    <name>Then The header title should match PRODUCTS</name>
                    <title>Then The header title should match PRODUCTS</title>
                    <attachments/>
                    <steps/>
                </step>
                <step start='1669674095609' status='canceled' stop='1669674095609'>
                    <name>Then Validate all products have a valid price</name>
                    <title>Then Validate all products have a valid price</title>
                    <attachments/>
                    <steps/>
                </step>
            </steps>
            <attachments/>
            <failure>
                <message>Error: Given username: secret_sauce is not valid</message>
                <stack-trace>Error: Given username: secret_sauce is not valid
                    at LogingPage.enterPassword (/Users/lisandrodossantossilvafernando/Desktop/WebDriverIO/test/page-objects/loginPage.ts:23:24)
                    at LogingPage.loginToSauceApp (/Users/lisandrodossantossilvafernando/Desktop/WebDriverIO/test/page-objects/loginPage.ts:34:16)
                    at processTicksAndRejections (node:internal/process/task_queues:95:5)
                    at async World.&lt;anonymous> (/Users/lisandrodossantossilvafernando/Desktop/WebDriverIO/test/features/step-definitions/When.ts:8:3)</stack-trace>
            </failure>
        </test-case>
        <test-case start='1669674095609' status='broken' stop='1669674096887'>
            <name>Validate the price</name>
            <title>Validate the price</title>
            <labels>
                <label name='language' value='javascript'/>
                <label name='framework' value='wdio'/>
                <label name='thread' value='0-1'/>
            </labels>
            <parameters>
                <parameter kind='argument' name='browser' value='chrome-107.0.5304.121'/>
            </parameters>
            <steps>
                <step start='1669674095609' status='passed' stop='1669674096636'>
                    <name>Given Swag Labs url is open</name>
                    <title>Given Swag Labs url is open</title>
                    <attachments/>
                    <steps/>
                </step>
                <step start='1669674096636' status='broken' stop='1669674096887'>
                    <name>When User login with problem_user and secret_sauce</name>
                    <title>When User login with problem_user and secret_sauce</title>
                    <attachments>
                        <attachment title='Screenshot' source='b8303ade-adce-4c56-8aec-58ccaba546d8-attachment.png' type='image/png' size='174721'/>
                    </attachments>
                    <steps/>
                </step>
                <step start='1669674096887' status='canceled' stop='1669674096887'>
                    <name>Then User click on the login button</name>
                    <title>Then User click on the login button</title>
                    <attachments/>
                    <steps/>
                </step>
                <step start='1669674096887' status='canceled' stop='1669674096887'>
                    <name>Then The header title should match PRODUCTS</name>
                    <title>Then The header title should match PRODUCTS</title>
                    <attachments/>
                    <steps/>
                </step>
                <step start='1669674096887' status='canceled' stop='1669674096887'>
                    <name>Then Validate all products have a valid price</name>
                    <title>Then Validate all products have a valid price</title>
                    <attachments/>
                    <steps/>
                </step>
            </steps>
            <attachments/>
            <failure>
                <message>Error: Given username: secret_sauce is not valid</message>
                <stack-trace>Error: Given username: secret_sauce is not valid
                    at LogingPage.enterPassword (/Users/lisandrodossantossilvafernando/Desktop/WebDriverIO/test/page-objects/loginPage.ts:23:24)
                    at LogingPage.loginToSauceApp (/Users/lisandrodossantossilvafernando/Desktop/WebDriverIO/test/page-objects/loginPage.ts:34:16)
                    at processTicksAndRejections (node:internal/process/task_queues:95:5)
                    at async World.&lt;anonymous> (/Users/lisandrodossantossilvafernando/Desktop/WebDriverIO/test/features/step-definitions/When.ts:8:3)</stack-trace>
            </failure>
        </test-case>
        <test-case start='1669674096888' status='broken' stop='1669674098150'>
            <name>Validate the price</name>
            <title>Validate the price</title>
            <labels>
                <label name='language' value='javascript'/>
                <label name='framework' value='wdio'/>
                <label name='thread' value='0-1'/>
            </labels>
            <parameters>
                <parameter kind='argument' name='browser' value='chrome-107.0.5304.121'/>
            </parameters>
            <steps>
                <step start='1669674096888' status='passed' stop='1669674097904'>
                    <name>Given Swag Labs url is open</name>
                    <title>Given Swag Labs url is open</title>
                    <attachments/>
                    <steps/>
                </step>
                <step start='1669674097904' status='broken' stop='1669674098150'>
                    <name>When User login with performance_glitch_user and secret_sauce</name>
                    <title>When User login with performance_glitch_user and secret_sauce</title>
                    <attachments>
                        <attachment title='Screenshot' source='600c25ed-d58a-433b-8868-b36d406b919d-attachment.png' type='image/png' size='178768'/>
                    </attachments>
                    <steps/>
                </step>
                <step start='1669674098150' status='canceled' stop='1669674098150'>
                    <name>Then User click on the login button</name>
                    <title>Then User click on the login button</title>
                    <attachments/>
                    <steps/>
                </step>
                <step start='1669674098151' status='canceled' stop='1669674098151'>
                    <name>Then The header title should match PRODUCTS</name>
                    <title>Then The header title should match PRODUCTS</title>
                    <attachments/>
                    <steps/>
                </step>
                <step start='1669674098151' status='canceled' stop='1669674098151'>
                    <name>Then Validate all products have a valid price</name>
                    <title>Then Validate all products have a valid price</title>
                    <attachments/>
                    <steps/>
                </step>
            </steps>
            <attachments/>
            <failure>
                <message>Error: Given username: secret_sauce is not valid</message>
                <stack-trace>Error: Given username: secret_sauce is not valid
                    at LogingPage.enterPassword (/Users/lisandrodossantossilvafernando/Desktop/WebDriverIO/test/page-objects/loginPage.ts:23:24)
                    at LogingPage.loginToSauceApp (/Users/lisandrodossantossilvafernando/Desktop/WebDriverIO/test/page-objects/loginPage.ts:34:16)
                    at processTicksAndRejections (node:internal/process/task_queues:95:5)
                    at async World.&lt;anonymous> (/Users/lisandrodossantossilvafernando/Desktop/WebDriverIO/test/features/step-definitions/When.ts:8:3)</stack-trace>
            </failure>
        </test-case>
    </test-cases>
</ns2:test-suite>