<?xml version='1.0'?>
<ns2:test-suite xmlns:ns2='urn:model.allure.qatools.yandex.ru' start='1669762613437' stop='1669762628283'>
    <name>Swag Labs Ecomerce</name>
    <title>Swag Labs Ecomerce</title>
    <test-cases>
        <test-case start='1669762613449' status='broken' stop='1669762616153'>
            <name>Login to the app</name>
            <title>Login to the app</title>
            <labels>
                <label name='language' value='javascript'/>
                <label name='framework' value='wdio'/>
                <label name='thread' value='0-1'/>
            </labels>
            <parameters>
                <parameter kind='argument' name='browser' value='chrome-107.0.5304.121'/>
            </parameters>
            <steps>
                <step start='1669762613450' status='passed' stop='1669762614742'>
                    <name>Given Swag Labs url is open</name>
                    <title>Given Swag Labs url is open</title>
                    <attachments/>
                    <steps/>
                </step>
                <step start='1669762614743' status='broken' stop='1669762616153'>
                    <name>When User login with standard_user and secret_sauce and click submit</name>
                    <title>When User login with standard_user and secret_sauce and click submit</title>
                    <attachments>
                        <attachment title='Screenshot' source='df188979-716a-4c97-9208-55f0a7109b2c-attachment.png' type='image/png' size='172684'/>
                    </attachments>
                    <steps/>
                </step>
                <step start='1669762616153' status='canceled' stop='1669762616154'>
                    <name>Then The header title should match PRODUCTS</name>
                    <title>Then The header title should match PRODUCTS</title>
                    <attachments/>
                    <steps/>
                </step>
                <step start='1669762616154' status='canceled' stop='1669762616154'>
                    <name>Then Click the inventory Sauce Labs Backpack</name>
                    <title>Then Click the inventory Sauce Labs Backpack</title>
                    <attachments/>
                    <steps/>
                </step>
            </steps>
            <attachments/>
            <failure>
                <message>TypeError: loginPage_1.default.clickLoginButton is not a function</message>
                <stack-trace>TypeError: loginPage_1.default.clickLoginButton is not a function
                    at World.&lt;anonymous> (/Users/lisandrodossantossilvafernando/Desktop/WebDriverIO/test/features/step-definitions/When.ts:9:19)</stack-trace>
            </failure>
        </test-case>
        <test-case start='1669762616154' status='broken' stop='1669762618511'>
            <name>Login to the app</name>
            <title>Login to the app</title>
            <labels>
                <label name='language' value='javascript'/>
                <label name='framework' value='wdio'/>
                <label name='thread' value='0-1'/>
            </labels>
            <parameters>
                <parameter kind='argument' name='browser' value='chrome-107.0.5304.121'/>
            </parameters>
            <steps>
                <step start='1669762616154' status='passed' stop='1669762617200'>
                    <name>Given Swag Labs url is open</name>
                    <title>Given Swag Labs url is open</title>
                    <attachments/>
                    <steps/>
                </step>
                <step start='1669762617200' status='broken' stop='1669762618511'>
                    <name>When User login with problem_user and secret_sauce and click submit</name>
                    <title>When User login with problem_user and secret_sauce and click submit</title>
                    <attachments>
                        <attachment title='Screenshot' source='1ec26747-1045-4e59-b6da-6edc908487dd-attachment.png' type='image/png' size='172426'/>
                    </attachments>
                    <steps/>
                </step>
                <step start='1669762618511' status='canceled' stop='1669762618511'>
                    <name>Then The header title should match PRODUCTS</name>
                    <title>Then The header title should match PRODUCTS</title>
                    <attachments/>
                    <steps/>
                </step>
                <step start='1669762618511' status='canceled' stop='1669762618511'>
                    <name>Then Click the inventory Sauce Labs Bike Light</name>
                    <title>Then Click the inventory Sauce Labs Bike Light</title>
                    <attachments/>
                    <steps/>
                </step>
            </steps>
            <attachments/>
            <failure>
                <message>TypeError: loginPage_1.default.clickLoginButton is not a function</message>
                <stack-trace>TypeError: loginPage_1.default.clickLoginButton is not a function
                    at World.&lt;anonymous> (/Users/lisandrodossantossilvafernando/Desktop/WebDriverIO/test/features/step-definitions/When.ts:9:19)</stack-trace>
            </failure>
        </test-case>
        <test-case start='1669762618512' status='broken' stop='1669762620874'>
            <name>Login to the app</name>
            <title>Login to the app</title>
            <labels>
                <label name='language' value='javascript'/>
                <label name='framework' value='wdio'/>
                <label name='thread' value='0-1'/>
            </labels>
            <parameters>
                <parameter kind='argument' name='browser' value='chrome-107.0.5304.121'/>
            </parameters>
            <steps>
                <step start='1669762618512' status='passed' stop='1669762619535'>
                    <name>Given Swag Labs url is open</name>
                    <title>Given Swag Labs url is open</title>
                    <attachments/>
                    <steps/>
                </step>
                <step start='1669762619536' status='broken' stop='1669762620874'>
                    <name>When User login with performance_glitch_user and secret_sauce and click submit</name>
                    <title>When User login with performance_glitch_user and secret_sauce and click submit</title>
                    <attachments>
                        <attachment title='Screenshot' source='3103934a-be73-46b4-aa3e-a6670aae52cd-attachment.png' type='image/png' size='176555'/>
                    </attachments>
                    <steps/>
                </step>
                <step start='1669762620874' status='canceled' stop='1669762620874'>
                    <name>Then The header title should match PRODUCTS</name>
                    <title>Then The header title should match PRODUCTS</title>
                    <attachments/>
                    <steps/>
                </step>
                <step start='1669762620874' status='canceled' stop='1669762620874'>
                    <name>Then Click the inventory Sauce Labs Fleece Jacket</name>
                    <title>Then Click the inventory Sauce Labs Fleece Jacket</title>
                    <attachments/>
                    <steps/>
                </step>
            </steps>
            <attachments/>
            <failure>
                <message>TypeError: loginPage_1.default.clickLoginButton is not a function</message>
                <stack-trace>TypeError: loginPage_1.default.clickLoginButton is not a function
                    at World.&lt;anonymous> (/Users/lisandrodossantossilvafernando/Desktop/WebDriverIO/test/features/step-definitions/When.ts:9:19)</stack-trace>
            </failure>
        </test-case>
        <test-case start='1669762620875' status='broken' stop='1669762623226'>
            <name>Validate the price</name>
            <title>Validate the price</title>
            <labels>
                <label name='language' value='javascript'/>
                <label name='framework' value='wdio'/>
                <label name='thread' value='0-1'/>
            </labels>
            <parameters>
                <parameter kind='argument' name='browser' value='chrome-107.0.5304.121'/>
            </parameters>
            <steps>
                <step start='1669762620875' status='passed' stop='1669762621909'>
                    <name>Given Swag Labs url is open</name>
                    <title>Given Swag Labs url is open</title>
                    <attachments/>
                    <steps/>
                </step>
                <step start='1669762621910' status='broken' stop='1669762623226'>
                    <name>When User login with standard_user and secret_sauce and click submit</name>
                    <title>When User login with standard_user and secret_sauce and click submit</title>
                    <attachments>
                        <attachment title='Screenshot' source='39fa21d3-d7f0-4b20-af80-b960af15854d-attachment.png' type='image/png' size='172684'/>
                    </attachments>
                    <steps/>
                </step>
                <step start='1669762623226' status='canceled' stop='1669762623227'>
                    <name>Then The header title should match PRODUCTS</name>
                    <title>Then The header title should match PRODUCTS</title>
                    <attachments/>
                    <steps/>
                </step>
                <step start='1669762623227' status='canceled' stop='1669762623227'>
                    <name>Then Validate all products have a valid price</name>
                    <title>Then Validate all products have a valid price</title>
                    <attachments/>
                    <steps/>
                </step>
            </steps>
            <attachments/>
            <failure>
                <message>TypeError: loginPage_1.default.clickLoginButton is not a function</message>
                <stack-trace>TypeError: loginPage_1.default.clickLoginButton is not a function
                    at World.&lt;anonymous> (/Users/lisandrodossantossilvafernando/Desktop/WebDriverIO/test/features/step-definitions/When.ts:9:19)</stack-trace>
            </failure>
        </test-case>
        <test-case start='1669762623227' status='broken' stop='1669762625777'>
            <name>Validate the price</name>
            <title>Validate the price</title>
            <labels>
                <label name='language' value='javascript'/>
                <label name='framework' value='wdio'/>
                <label name='thread' value='0-1'/>
            </labels>
            <parameters>
                <parameter kind='argument' name='browser' value='chrome-107.0.5304.121'/>
            </parameters>
            <steps>
                <step start='1669762623227' status='passed' stop='1669762624258'>
                    <name>Given Swag Labs url is open</name>
                    <title>Given Swag Labs url is open</title>
                    <attachments/>
                    <steps/>
                </step>
                <step start='1669762624258' status='broken' stop='1669762625777'>
                    <name>When User login with problem_user and secret_sauce and click submit</name>
                    <title>When User login with problem_user and secret_sauce and click submit</title>
                    <attachments>
                        <attachment title='Screenshot' source='1f37ee26-3908-455d-a526-b9eee0b5dc52-attachment.png' type='image/png' size='172426'/>
                    </attachments>
                    <steps/>
                </step>
                <step start='1669762625777' status='canceled' stop='1669762625777'>
                    <name>Then The header title should match PRODUCTS</name>
                    <title>Then The header title should match PRODUCTS</title>
                    <attachments/>
                    <steps/>
                </step>
                <step start='1669762625777' status='canceled' stop='1669762625777'>
                    <name>Then Validate all products have a valid price</name>
                    <title>Then Validate all products have a valid price</title>
                    <attachments/>
                    <steps/>
                </step>
            </steps>
            <attachments/>
            <failure>
                <message>TypeError: loginPage_1.default.clickLoginButton is not a function</message>
                <stack-trace>TypeError: loginPage_1.default.clickLoginButton is not a function
                    at World.&lt;anonymous> (/Users/lisandrodossantossilvafernando/Desktop/WebDriverIO/test/features/step-definitions/When.ts:9:19)</stack-trace>
            </failure>
        </test-case>
        <test-case start='1669762625777' status='broken' stop='1669762628282'>
            <name>Validate the price</name>
            <title>Validate the price</title>
            <labels>
                <label name='language' value='javascript'/>
                <label name='framework' value='wdio'/>
                <label name='thread' value='0-1'/>
            </labels>
            <parameters>
                <parameter kind='argument' name='browser' value='chrome-107.0.5304.121'/>
            </parameters>
            <steps>
                <step start='1669762625778' status='passed' stop='1669762626822'>
                    <name>Given Swag Labs url is open</name>
                    <title>Given Swag Labs url is open</title>
                    <attachments/>
                    <steps/>
                </step>
                <step start='1669762626822' status='broken' stop='1669762628282'>
                    <name>When User login with performance_glitch_user and secret_sauce and click submit</name>
                    <title>When User login with performance_glitch_user and secret_sauce and click submit</title>
                    <attachments>
                        <attachment title='Screenshot' source='71d60d78-4a23-4b9d-b734-623484061169-attachment.png' type='image/png' size='176555'/>
                    </attachments>
                    <steps/>
                </step>
                <step start='1669762628282' status='canceled' stop='1669762628282'>
                    <name>Then The header title should match PRODUCTS</name>
                    <title>Then The header title should match PRODUCTS</title>
                    <attachments/>
                    <steps/>
                </step>
                <step start='1669762628283' status='canceled' stop='1669762628283'>
                    <name>Then Validate all products have a valid price</name>
                    <title>Then Validate all products have a valid price</title>
                    <attachments/>
                    <steps/>
                </step>
            </steps>
            <attachments/>
            <failure>
                <message>TypeError: loginPage_1.default.clickLoginButton is not a function</message>
                <stack-trace>TypeError: loginPage_1.default.clickLoginButton is not a function
                    at World.&lt;anonymous> (/Users/lisandrodossantossilvafernando/Desktop/WebDriverIO/test/features/step-definitions/When.ts:9:19)</stack-trace>
            </failure>
        </test-case>
    </test-cases>
</ns2:test-suite>