<?xml version='1.0'?>
<ns2:test-suite xmlns:ns2='urn:model.allure.qatools.yandex.ru' start='1669674953239' stop='1669675008960'>
    <name>Swag Labs Ecomerce</name>
    <title>Swag Labs Ecomerce</title>
    <test-cases>
        <test-case start='1669674953247' status='broken' stop='1669674961187'>
            <name>Login to the app</name>
            <title>Login to the app</title>
            <labels>
                <label name='language' value='javascript'/>
                <label name='framework' value='wdio'/>
                <label name='thread' value='0-1'/>
            </labels>
            <parameters>
                <parameter kind='argument' name='browser' value='chrome-107.0.5304.121'/>
            </parameters>
            <steps>
                <step start='1669674953249' status='passed' stop='1669674954546'>
                    <name>Given Swag Labs url is open</name>
                    <title>Given Swag Labs url is open</title>
                    <attachments/>
                    <steps/>
                </step>
                <step start='1669674954546' status='passed' stop='1669674955816'>
                    <name>When User login with standard_user and secret_sauce</name>
                    <title>When User login with standard_user and secret_sauce</title>
                    <attachments/>
                    <steps/>
                </step>
                <step start='1669674955817' status='broken' stop='1669674961187'>
                    <name>Then User click on the login button</name>
                    <title>Then User click on the login button</title>
                    <attachments>
                        <attachment title='Screenshot' source='d17fd113-9799-43c6-9e39-aca22b346170-attachment.png' type='image/png' size='1482906'/>
                    </attachments>
                    <steps/>
                </step>
                <step start='1669674961187' status='canceled' stop='1669674961187'>
                    <name>Then The header title should match PRODUCTS</name>
                    <title>Then The header title should match PRODUCTS</title>
                    <attachments/>
                    <steps/>
                </step>
                <step start='1669674961187' status='canceled' stop='1669674961187'>
                    <name>Then Click the inventory Sauce Labs Backpack</name>
                    <title>Then Click the inventory Sauce Labs Backpack</title>
                    <attachments/>
                    <steps/>
                </step>
            </steps>
            <attachments/>
            <failure>
                <message>Error: element ("[type=submit]") still not clickable after 5000ms</message>
                <stack-trace>Error: element ("[type=submit]") still not clickable after 5000ms
                    at async LogingPage.click (/Users/lisandrodossantossilvafernando/Desktop/WebDriverIO/test/page-objects/page.ts:15:9)
                    at async LogingPage.clickLoginButton (/Users/lisandrodossantossilvafernando/Desktop/WebDriverIO/test/page-objects/loginPage.ts:30:4)
                    at async World.&lt;anonymous> (/Users/lisandrodossantossilvafernando/Desktop/WebDriverIO/test/features/step-definitions/Then.ts:6:5)</stack-trace>
            </failure>
        </test-case>
        <test-case start='1669674961188' status='broken' stop='1669674968714'>
            <name>Login to the app</name>
            <title>Login to the app</title>
            <labels>
                <label name='language' value='javascript'/>
                <label name='framework' value='wdio'/>
                <label name='thread' value='0-1'/>
            </labels>
            <parameters>
                <parameter kind='argument' name='browser' value='chrome-107.0.5304.121'/>
            </parameters>
            <steps>
                <step start='1669674961188' status='passed' stop='1669674962211'>
                    <name>Given Swag Labs url is open</name>
                    <title>Given Swag Labs url is open</title>
                    <attachments/>
                    <steps/>
                </step>
                <step start='1669674962211' status='passed' stop='1669674963398'>
                    <name>When User login with problem_user and secret_sauce</name>
                    <title>When User login with problem_user and secret_sauce</title>
                    <attachments/>
                    <steps/>
                </step>
                <step start='1669674963399' status='broken' stop='1669674968714'>
                    <name>Then User click on the login button</name>
                    <title>Then User click on the login button</title>
                    <attachments>
                        <attachment title='Screenshot' source='f426d2b0-e11d-4e17-93cd-a067672d68c1-attachment.png' type='image/png' size='859547'/>
                    </attachments>
                    <steps/>
                </step>
                <step start='1669674968714' status='canceled' stop='1669674968714'>
                    <name>Then The header title should match PRODUCTS</name>
                    <title>Then The header title should match PRODUCTS</title>
                    <attachments/>
                    <steps/>
                </step>
                <step start='1669674968714' status='canceled' stop='1669674968714'>
                    <name>Then Click the inventory Sauce Labs Bike Light</name>
                    <title>Then Click the inventory Sauce Labs Bike Light</title>
                    <attachments/>
                    <steps/>
                </step>
            </steps>
            <attachments/>
            <failure>
                <message>Error: element ("[type=submit]") still not clickable after 5000ms</message>
                <stack-trace>Error: element ("[type=submit]") still not clickable after 5000ms
                    at async LogingPage.click (/Users/lisandrodossantossilvafernando/Desktop/WebDriverIO/test/page-objects/page.ts:15:9)
                    at async LogingPage.clickLoginButton (/Users/lisandrodossantossilvafernando/Desktop/WebDriverIO/test/page-objects/loginPage.ts:30:4)
                    at async World.&lt;anonymous> (/Users/lisandrodossantossilvafernando/Desktop/WebDriverIO/test/features/step-definitions/Then.ts:6:5)</stack-trace>
            </failure>
        </test-case>
        <test-case start='1669674968714' status='broken' stop='1669674981328'>
            <name>Login to the app</name>
            <title>Login to the app</title>
            <labels>
                <label name='language' value='javascript'/>
                <label name='framework' value='wdio'/>
                <label name='thread' value='0-1'/>
            </labels>
            <parameters>
                <parameter kind='argument' name='browser' value='chrome-107.0.5304.121'/>
            </parameters>
            <steps>
                <step start='1669674968715' status='passed' stop='1669674969741'>
                    <name>Given Swag Labs url is open</name>
                    <title>Given Swag Labs url is open</title>
                    <attachments/>
                    <steps/>
                </step>
                <step start='1669674969741' status='passed' stop='1669674975973'>
                    <name>When User login with performance_glitch_user and secret_sauce</name>
                    <title>When User login with performance_glitch_user and secret_sauce</title>
                    <attachments/>
                    <steps/>
                </step>
                <step start='1669674975973' status='broken' stop='1669674981327'>
                    <name>Then User click on the login button</name>
                    <title>Then User click on the login button</title>
                    <attachments>
                        <attachment title='Screenshot' source='9fba7aa0-3b14-4297-976c-ee47280d43a9-attachment.png' type='image/png' size='1482911'/>
                    </attachments>
                    <steps/>
                </step>
                <step start='1669674981328' status='canceled' stop='1669674981328'>
                    <name>Then The header title should match PRODUCTS</name>
                    <title>Then The header title should match PRODUCTS</title>
                    <attachments/>
                    <steps/>
                </step>
                <step start='1669674981328' status='canceled' stop='1669674981328'>
                    <name>Then Click the inventory Sauce Labs Fleece Jacket</name>
                    <title>Then Click the inventory Sauce Labs Fleece Jacket</title>
                    <attachments/>
                    <steps/>
                </step>
            </steps>
            <attachments/>
            <failure>
                <message>Error: element ("[type=submit]") still not clickable after 5000ms</message>
                <stack-trace>Error: element ("[type=submit]") still not clickable after 5000ms
                    at async LogingPage.click (/Users/lisandrodossantossilvafernando/Desktop/WebDriverIO/test/page-objects/page.ts:15:9)
                    at async LogingPage.clickLoginButton (/Users/lisandrodossantossilvafernando/Desktop/WebDriverIO/test/page-objects/loginPage.ts:30:4)
                    at async World.&lt;anonymous> (/Users/lisandrodossantossilvafernando/Desktop/WebDriverIO/test/features/step-definitions/Then.ts:6:5)</stack-trace>
            </failure>
        </test-case>
        <test-case start='1669674981328' status='broken' stop='1669674988909'>
            <name>Validate the price</name>
            <title>Validate the price</title>
            <labels>
                <label name='language' value='javascript'/>
                <label name='framework' value='wdio'/>
                <label name='thread' value='0-1'/>
            </labels>
            <parameters>
                <parameter kind='argument' name='browser' value='chrome-107.0.5304.121'/>
            </parameters>
            <steps>
                <step start='1669674981328' status='passed' stop='1669674982351'>
                    <name>Given Swag Labs url is open</name>
                    <title>Given Swag Labs url is open</title>
                    <attachments/>
                    <steps/>
                </step>
                <step start='1669674982351' status='passed' stop='1669674983546'>
                    <name>When User login with standard_user and secret_sauce</name>
                    <title>When User login with standard_user and secret_sauce</title>
                    <attachments/>
                    <steps/>
                </step>
                <step start='1669674983546' status='broken' stop='1669674988909'>
                    <name>Then User click on the login button</name>
                    <title>Then User click on the login button</title>
                    <attachments>
                        <attachment title='Screenshot' source='fb2c51b6-9b03-42fb-9685-923142f2dd88-attachment.png' type='image/png' size='1482911'/>
                    </attachments>
                    <steps/>
                </step>
                <step start='1669674988909' status='canceled' stop='1669674988909'>
                    <name>Then The header title should match PRODUCTS</name>
                    <title>Then The header title should match PRODUCTS</title>
                    <attachments/>
                    <steps/>
                </step>
                <step start='1669674988909' status='canceled' stop='1669674988909'>
                    <name>Then Validate all products have a valid price</name>
                    <title>Then Validate all products have a valid price</title>
                    <attachments/>
                    <steps/>
                </step>
            </steps>
            <attachments/>
            <failure>
                <message>Error: element ("[type=submit]") still not clickable after 5000ms</message>
                <stack-trace>Error: element ("[type=submit]") still not clickable after 5000ms
                    at async LogingPage.click (/Users/lisandrodossantossilvafernando/Desktop/WebDriverIO/test/page-objects/page.ts:15:9)
                    at async LogingPage.clickLoginButton (/Users/lisandrodossantossilvafernando/Desktop/WebDriverIO/test/page-objects/loginPage.ts:30:4)
                    at async World.&lt;anonymous> (/Users/lisandrodossantossilvafernando/Desktop/WebDriverIO/test/features/step-definitions/Then.ts:6:5)</stack-trace>
            </failure>
        </test-case>
        <test-case start='1669674988909' status='broken' stop='1669674996378'>
            <name>Validate the price</name>
            <title>Validate the price</title>
            <labels>
                <label name='language' value='javascript'/>
                <label name='framework' value='wdio'/>
                <label name='thread' value='0-1'/>
            </labels>
            <parameters>
                <parameter kind='argument' name='browser' value='chrome-107.0.5304.121'/>
            </parameters>
            <steps>
                <step start='1669674988910' status='passed' stop='1669674989926'>
                    <name>Given Swag Labs url is open</name>
                    <title>Given Swag Labs url is open</title>
                    <attachments/>
                    <steps/>
                </step>
                <step start='1669674989926' status='passed' stop='1669674991075'>
                    <name>When User login with problem_user and secret_sauce</name>
                    <title>When User login with problem_user and secret_sauce</title>
                    <attachments/>
                    <steps/>
                </step>
                <step start='1669674991076' status='broken' stop='1669674996378'>
                    <name>Then User click on the login button</name>
                    <title>Then User click on the login button</title>
                    <attachments>
                        <attachment title='Screenshot' source='a4a00c6c-a119-4ebe-a7c4-45ce59433c3a-attachment.png' type='image/png' size='859547'/>
                    </attachments>
                    <steps/>
                </step>
                <step start='1669674996378' status='canceled' stop='1669674996378'>
                    <name>Then The header title should match PRODUCTS</name>
                    <title>Then The header title should match PRODUCTS</title>
                    <attachments/>
                    <steps/>
                </step>
                <step start='1669674996378' status='canceled' stop='1669674996378'>
                    <name>Then Validate all products have a valid price</name>
                    <title>Then Validate all products have a valid price</title>
                    <attachments/>
                    <steps/>
                </step>
            </steps>
            <attachments/>
            <failure>
                <message>Error: element ("[type=submit]") still not clickable after 5000ms</message>
                <stack-trace>Error: element ("[type=submit]") still not clickable after 5000ms
                    at async LogingPage.click (/Users/lisandrodossantossilvafernando/Desktop/WebDriverIO/test/page-objects/page.ts:15:9)
                    at async LogingPage.clickLoginButton (/Users/lisandrodossantossilvafernando/Desktop/WebDriverIO/test/page-objects/loginPage.ts:30:4)
                    at async World.&lt;anonymous> (/Users/lisandrodossantossilvafernando/Desktop/WebDriverIO/test/features/step-definitions/Then.ts:6:5)</stack-trace>
            </failure>
        </test-case>
        <test-case start='1669674996378' status='broken' stop='1669675008960'>
            <name>Validate the price</name>
            <title>Validate the price</title>
            <labels>
                <label name='language' value='javascript'/>
                <label name='framework' value='wdio'/>
                <label name='thread' value='0-1'/>
            </labels>
            <parameters>
                <parameter kind='argument' name='browser' value='chrome-107.0.5304.121'/>
            </parameters>
            <steps>
                <step start='1669674996379' status='passed' stop='1669674997397'>
                    <name>Given Swag Labs url is open</name>
                    <title>Given Swag Labs url is open</title>
                    <attachments/>
                    <steps/>
                </step>
                <step start='1669674997397' status='passed' stop='1669675003597'>
                    <name>When User login with performance_glitch_user and secret_sauce</name>
                    <title>When User login with performance_glitch_user and secret_sauce</title>
                    <attachments/>
                    <steps/>
                </step>
                <step start='1669675003597' status='broken' stop='1669675008960'>
                    <name>Then User click on the login button</name>
                    <title>Then User click on the login button</title>
                    <attachments>
                        <attachment title='Screenshot' source='30ad7433-8a5f-4d25-86df-019040f2fe74-attachment.png' type='image/png' size='1482911'/>
                    </attachments>
                    <steps/>
                </step>
                <step start='1669675008960' status='canceled' stop='1669675008960'>
                    <name>Then The header title should match PRODUCTS</name>
                    <title>Then The header title should match PRODUCTS</title>
                    <attachments/>
                    <steps/>
                </step>
                <step start='1669675008960' status='canceled' stop='1669675008960'>
                    <name>Then Validate all products have a valid price</name>
                    <title>Then Validate all products have a valid price</title>
                    <attachments/>
                    <steps/>
                </step>
            </steps>
            <attachments/>
            <failure>
                <message>Error: element ("[type=submit]") still not clickable after 5000ms</message>
                <stack-trace>Error: element ("[type=submit]") still not clickable after 5000ms
                    at async LogingPage.click (/Users/lisandrodossantossilvafernando/Desktop/WebDriverIO/test/page-objects/page.ts:15:9)
                    at async LogingPage.clickLoginButton (/Users/lisandrodossantossilvafernando/Desktop/WebDriverIO/test/page-objects/loginPage.ts:30:4)
                    at async World.&lt;anonymous> (/Users/lisandrodossantossilvafernando/Desktop/WebDriverIO/test/features/step-definitions/Then.ts:6:5)</stack-trace>
            </failure>
        </test-case>
    </test-cases>
</ns2:test-suite>