<?xml version='1.0'?>
<ns2:test-suite xmlns:ns2='urn:model.allure.qatools.yandex.ru' start='1669331005584' stop='1669331027101'>
    <name>Swag Labs Ecomerce</name>
    <title>Swag Labs Ecomerce</title>
    <test-cases>
        <test-case start='1669331005593' status='broken' stop='1669331012884'>
            <name>Login to the app</name>
            <title>Login to the app</title>
            <labels>
                <label name='language' value='javascript'/>
                <label name='framework' value='wdio'/>
                <label name='thread' value='0-1'/>
            </labels>
            <parameters>
                <parameter kind='argument' name='browser' value='chrome-107.0.5304.121'/>
            </parameters>
            <steps>
                <step start='1669331005595' status='passed' stop='1669331009145'>
                    <name>Given Swag Labs url is open</name>
                    <title>Given Swag Labs url is open</title>
                    <attachments/>
                    <steps/>
                </step>
                <step start='1669331009145' status='passed' stop='1669331010367'>
                    <name>When User login with standard_user and secret_sauce</name>
                    <title>When User login with standard_user and secret_sauce</title>
                    <attachments/>
                    <steps/>
                </step>
                <step start='1669331010367' status='passed' stop='1669331011455'>
                    <name>Then User click on the login button</name>
                    <title>Then User click on the login button</title>
                    <attachments/>
                    <steps/>
                </step>
                <step start='1669331011456' status='passed' stop='1669331012493'>
                    <name>Then The header title should match PRODUCTS</name>
                    <title>Then The header title should match PRODUCTS</title>
                    <attachments/>
                    <steps/>
                </step>
                <step start='1669331012493' status='broken' stop='1669331012884'>
                    <name>Then Click the inventory Sauce Labs Backpack</name>
                    <title>Then Click the inventory Sauce Labs Backpack</title>
                    <attachments>
                        <attachment title='Screenshot' source='6e362ccb-8ab2-4816-b522-95c9b624d008-attachment.png' type='image/png' size='1470383'/>
                    </attachments>
                    <steps/>
                </step>
            </steps>
            <attachments/>
            <failure>
                <message>no such alert: no such alert</message>
                <stack-trace>no such alert: no such alert
                  (Session info: chrome=107.0.5304.121)
                    at processTicksAndRejections (node:internal/process/task_queues:95:5)
                    at async World.&lt;anonymous> (/Users/lisandrodossantossilvafernando/Desktop/WebDriverIO/test/features/step-definitions/Then.ts:19:11)</stack-trace>
            </failure>
        </test-case>
        <test-case start='1669331012885' status='broken' stop='1669331017496'>
            <name>Login to the app</name>
            <title>Login to the app</title>
            <labels>
                <label name='language' value='javascript'/>
                <label name='framework' value='wdio'/>
                <label name='thread' value='0-1'/>
            </labels>
            <parameters>
                <parameter kind='argument' name='browser' value='chrome-107.0.5304.121'/>
            </parameters>
            <steps>
                <step start='1669331012885' status='passed' stop='1669331013920'>
                    <name>Given Swag Labs url is open</name>
                    <title>Given Swag Labs url is open</title>
                    <attachments/>
                    <steps/>
                </step>
                <step start='1669331013921' status='passed' stop='1669331015073'>
                    <name>When User login with problem_user and secret_sauce</name>
                    <title>When User login with problem_user and secret_sauce</title>
                    <attachments/>
                    <steps/>
                </step>
                <step start='1669331015073' status='passed' stop='1669331016145'>
                    <name>Then User click on the login button</name>
                    <title>Then User click on the login button</title>
                    <attachments/>
                    <steps/>
                </step>
                <step start='1669331016146' status='passed' stop='1669331017179'>
                    <name>Then The header title should match PRODUCTS</name>
                    <title>Then The header title should match PRODUCTS</title>
                    <attachments/>
                    <steps/>
                </step>
                <step start='1669331017180' status='broken' stop='1669331017496'>
                    <name>Then Click the inventory Sauce Labs Bike Light</name>
                    <title>Then Click the inventory Sauce Labs Bike Light</title>
                    <attachments>
                        <attachment title='Screenshot' source='df963663-0e27-494e-9619-6401dfde7ab7-attachment.png' type='image/png' size='859547'/>
                    </attachments>
                    <steps/>
                </step>
            </steps>
            <attachments/>
            <failure>
                <message>no such alert: no such alert</message>
                <stack-trace>no such alert: no such alert
                  (Session info: chrome=107.0.5304.121)
                    at processTicksAndRejections (node:internal/process/task_queues:95:5)
                    at async World.&lt;anonymous> (/Users/lisandrodossantossilvafernando/Desktop/WebDriverIO/test/features/step-definitions/Then.ts:19:11)</stack-trace>
            </failure>
        </test-case>
        <test-case start='1669331017497' status='broken' stop='1669331027101'>
            <name>Login to the app</name>
            <title>Login to the app</title>
            <labels>
                <label name='language' value='javascript'/>
                <label name='framework' value='wdio'/>
                <label name='thread' value='0-1'/>
            </labels>
            <parameters>
                <parameter kind='argument' name='browser' value='chrome-107.0.5304.121'/>
            </parameters>
            <steps>
                <step start='1669331017497' status='passed' stop='1669331018521'>
                    <name>Given Swag Labs url is open</name>
                    <title>Given Swag Labs url is open</title>
                    <attachments/>
                    <steps/>
                </step>
                <step start='1669331018521' status='passed' stop='1669331019638'>
                    <name>When User login with performance_glitch_user and secret_sauce</name>
                    <title>When User login with performance_glitch_user and secret_sauce</title>
                    <attachments/>
                    <steps/>
                </step>
                <step start='1669331019638' status='passed' stop='1669331025704'>
                    <name>Then User click on the login button</name>
                    <title>Then User click on the login button</title>
                    <attachments/>
                    <steps/>
                </step>
                <step start='1669331025704' status='passed' stop='1669331026735'>
                    <name>Then The header title should match PRODUCTS</name>
                    <title>Then The header title should match PRODUCTS</title>
                    <attachments/>
                    <steps/>
                </step>
                <step start='1669331026735' status='broken' stop='1669331027101'>
                    <name>Then Click the inventory Sauce Labs Fleece Jacket</name>
                    <title>Then Click the inventory Sauce Labs Fleece Jacket</title>
                    <attachments>
                        <attachment title='Screenshot' source='8fa3e7ed-510c-4add-ba30-043eb6d8544b-attachment.png' type='image/png' size='1482911'/>
                    </attachments>
                    <steps/>
                </step>
            </steps>
            <attachments/>
            <failure>
                <message>no such alert: no such alert</message>
                <stack-trace>no such alert: no such alert
                  (Session info: chrome=107.0.5304.121)
                    at processTicksAndRejections (node:internal/process/task_queues:95:5)
                    at async World.&lt;anonymous> (/Users/lisandrodossantossilvafernando/Desktop/WebDriverIO/test/features/step-definitions/Then.ts:19:11)</stack-trace>
            </failure>
        </test-case>
    </test-cases>
</ns2:test-suite>