<?xml version='1.0'?>
<ns2:test-suite xmlns:ns2='urn:model.allure.qatools.yandex.ru' start='1669676258931' stop='1669676320623'>
    <name>Swag Labs Ecomerce</name>
    <title>Swag Labs Ecomerce</title>
    <test-cases>
        <test-case start='1669676258939' status='broken' stop='1669676267906'>
            <name>Login to the app</name>
            <title>Login to the app</title>
            <labels>
                <label name='language' value='javascript'/>
                <label name='framework' value='wdio'/>
                <label name='thread' value='0-1'/>
            </labels>
            <parameters>
                <parameter kind='argument' name='browser' value='chrome-107.0.5304.121'/>
            </parameters>
            <steps>
                <step start='1669676258940' status='passed' stop='1669676260228'>
                    <name>Given Swag Labs url is open</name>
                    <title>Given Swag Labs url is open</title>
                    <attachments/>
                    <steps/>
                </step>
                <step start='1669676260228' status='passed' stop='1669676261523'>
                    <name>When User login with standard_user and secret_sauce</name>
                    <title>When User login with standard_user and secret_sauce</title>
                    <attachments/>
                    <steps/>
                </step>
                <step start='1669676261523' status='broken' stop='1669676267906'>
                    <name>Then User click on the login button</name>
                    <title>Then User click on the login button</title>
                    <attachments>
                        <attachment title='Screenshot' source='472dd651-c3c2-4b3e-a9c3-550bd21b0117-attachment.png' type='image/png' size='1482911'/>
                    </attachments>
                    <steps/>
                </step>
                <step start='1669676267906' status='canceled' stop='1669676267906'>
                    <name>Then The header title should match PRODUCTS</name>
                    <title>Then The header title should match PRODUCTS</title>
                    <attachments/>
                    <steps/>
                </step>
                <step start='1669676267907' status='canceled' stop='1669676267907'>
                    <name>Then Click the inventory Sauce Labs Backpack</name>
                    <title>Then Click the inventory Sauce Labs Backpack</title>
                    <attachments/>
                    <steps/>
                </step>
            </steps>
            <attachments/>
            <failure>
                <message>Error: element ("[type="submit"]") still not clickable after 5000ms</message>
                <stack-trace>Error: element ("[type="submit"]") still not clickable after 5000ms
                    at async LogingPage.Click (/Users/lisandrodossantossilvafernando/Desktop/WebDriverIO/test/page-objects/page.ts:15:9)
                    at async LogingPage.clickLoginButton (/Users/lisandrodossantossilvafernando/Desktop/WebDriverIO/test/page-objects/loginPage.ts:29:4)
                    at async World.&lt;anonymous> (/Users/lisandrodossantossilvafernando/Desktop/WebDriverIO/test/features/step-definitions/Then.ts:7:5)</stack-trace>
            </failure>
        </test-case>
        <test-case start='1669676267908' status='broken' stop='1669676276439'>
            <name>Login to the app</name>
            <title>Login to the app</title>
            <labels>
                <label name='language' value='javascript'/>
                <label name='framework' value='wdio'/>
                <label name='thread' value='0-1'/>
            </labels>
            <parameters>
                <parameter kind='argument' name='browser' value='chrome-107.0.5304.121'/>
            </parameters>
            <steps>
                <step start='1669676267908' status='passed' stop='1669676268939'>
                    <name>Given Swag Labs url is open</name>
                    <title>Given Swag Labs url is open</title>
                    <attachments/>
                    <steps/>
                </step>
                <step start='1669676268940' status='passed' stop='1669676270129'>
                    <name>When User login with problem_user and secret_sauce</name>
                    <title>When User login with problem_user and secret_sauce</title>
                    <attachments/>
                    <steps/>
                </step>
                <step start='1669676270130' status='broken' stop='1669676276439'>
                    <name>Then User click on the login button</name>
                    <title>Then User click on the login button</title>
                    <attachments>
                        <attachment title='Screenshot' source='d1ee8b37-5931-429e-b2e9-5874a60ea362-attachment.png' type='image/png' size='859547'/>
                    </attachments>
                    <steps/>
                </step>
                <step start='1669676276439' status='canceled' stop='1669676276439'>
                    <name>Then The header title should match PRODUCTS</name>
                    <title>Then The header title should match PRODUCTS</title>
                    <attachments/>
                    <steps/>
                </step>
                <step start='1669676276439' status='canceled' stop='1669676276439'>
                    <name>Then Click the inventory Sauce Labs Bike Light</name>
                    <title>Then Click the inventory Sauce Labs Bike Light</title>
                    <attachments/>
                    <steps/>
                </step>
            </steps>
            <attachments/>
            <failure>
                <message>Error: element ("[type="submit"]") still not clickable after 5000ms</message>
                <stack-trace>Error: element ("[type="submit"]") still not clickable after 5000ms
                    at async LogingPage.Click (/Users/lisandrodossantossilvafernando/Desktop/WebDriverIO/test/page-objects/page.ts:15:9)
                    at async LogingPage.clickLoginButton (/Users/lisandrodossantossilvafernando/Desktop/WebDriverIO/test/page-objects/loginPage.ts:29:4)
                    at async World.&lt;anonymous> (/Users/lisandrodossantossilvafernando/Desktop/WebDriverIO/test/features/step-definitions/Then.ts:7:5)</stack-trace>
            </failure>
        </test-case>
        <test-case start='1669676276441' status='broken' stop='1669676290021'>
            <name>Login to the app</name>
            <title>Login to the app</title>
            <labels>
                <label name='language' value='javascript'/>
                <label name='framework' value='wdio'/>
                <label name='thread' value='0-1'/>
            </labels>
            <parameters>
                <parameter kind='argument' name='browser' value='chrome-107.0.5304.121'/>
            </parameters>
            <steps>
                <step start='1669676276442' status='passed' stop='1669676277482'>
                    <name>Given Swag Labs url is open</name>
                    <title>Given Swag Labs url is open</title>
                    <attachments/>
                    <steps/>
                </step>
                <step start='1669676277482' status='passed' stop='1669676283676'>
                    <name>When User login with performance_glitch_user and secret_sauce</name>
                    <title>When User login with performance_glitch_user and secret_sauce</title>
                    <attachments/>
                    <steps/>
                </step>
                <step start='1669676283676' status='broken' stop='1669676290021'>
                    <name>Then User click on the login button</name>
                    <title>Then User click on the login button</title>
                    <attachments>
                        <attachment title='Screenshot' source='1d5d8960-2eaa-4cae-be61-03aa4d1a79cd-attachment.png' type='image/png' size='1482911'/>
                    </attachments>
                    <steps/>
                </step>
                <step start='1669676290021' status='canceled' stop='1669676290021'>
                    <name>Then The header title should match PRODUCTS</name>
                    <title>Then The header title should match PRODUCTS</title>
                    <attachments/>
                    <steps/>
                </step>
                <step start='1669676290021' status='canceled' stop='1669676290021'>
                    <name>Then Click the inventory Sauce Labs Fleece Jacket</name>
                    <title>Then Click the inventory Sauce Labs Fleece Jacket</title>
                    <attachments/>
                    <steps/>
                </step>
            </steps>
            <attachments/>
            <failure>
                <message>Error: element ("[type="submit"]") still not clickable after 5000ms</message>
                <stack-trace>Error: element ("[type="submit"]") still not clickable after 5000ms
                    at async LogingPage.Click (/Users/lisandrodossantossilvafernando/Desktop/WebDriverIO/test/page-objects/page.ts:15:9)
                    at async LogingPage.clickLoginButton (/Users/lisandrodossantossilvafernando/Desktop/WebDriverIO/test/page-objects/loginPage.ts:29:4)
                    at async World.&lt;anonymous> (/Users/lisandrodossantossilvafernando/Desktop/WebDriverIO/test/features/step-definitions/Then.ts:7:5)</stack-trace>
            </failure>
        </test-case>
        <test-case start='1669676290022' status='broken' stop='1669676298562'>
            <name>Validate the price</name>
            <title>Validate the price</title>
            <labels>
                <label name='language' value='javascript'/>
                <label name='framework' value='wdio'/>
                <label name='thread' value='0-1'/>
            </labels>
            <parameters>
                <parameter kind='argument' name='browser' value='chrome-107.0.5304.121'/>
            </parameters>
            <steps>
                <step start='1669676290022' status='passed' stop='1669676291046'>
                    <name>Given Swag Labs url is open</name>
                    <title>Given Swag Labs url is open</title>
                    <attachments/>
                    <steps/>
                </step>
                <step start='1669676291046' status='passed' stop='1669676292211'>
                    <name>When User login with standard_user and secret_sauce</name>
                    <title>When User login with standard_user and secret_sauce</title>
                    <attachments/>
                    <steps/>
                </step>
                <step start='1669676292211' status='broken' stop='1669676298562'>
                    <name>Then User click on the login button</name>
                    <title>Then User click on the login button</title>
                    <attachments>
                        <attachment title='Screenshot' source='48c8d0d6-29f5-42be-bcab-8e54701e71bf-attachment.png' type='image/png' size='1482911'/>
                    </attachments>
                    <steps/>
                </step>
                <step start='1669676298562' status='canceled' stop='1669676298562'>
                    <name>Then The header title should match PRODUCTS</name>
                    <title>Then The header title should match PRODUCTS</title>
                    <attachments/>
                    <steps/>
                </step>
                <step start='1669676298562' status='canceled' stop='1669676298562'>
                    <name>Then Validate all products have a valid price</name>
                    <title>Then Validate all products have a valid price</title>
                    <attachments/>
                    <steps/>
                </step>
            </steps>
            <attachments/>
            <failure>
                <message>Error: element ("[type="submit"]") still not clickable after 5000ms</message>
                <stack-trace>Error: element ("[type="submit"]") still not clickable after 5000ms
                    at async LogingPage.Click (/Users/lisandrodossantossilvafernando/Desktop/WebDriverIO/test/page-objects/page.ts:15:9)
                    at async LogingPage.clickLoginButton (/Users/lisandrodossantossilvafernando/Desktop/WebDriverIO/test/page-objects/loginPage.ts:29:4)
                    at async World.&lt;anonymous> (/Users/lisandrodossantossilvafernando/Desktop/WebDriverIO/test/features/step-definitions/Then.ts:7:5)</stack-trace>
            </failure>
        </test-case>
        <test-case start='1669676298562' status='broken' stop='1669676307055'>
            <name>Validate the price</name>
            <title>Validate the price</title>
            <labels>
                <label name='language' value='javascript'/>
                <label name='framework' value='wdio'/>
                <label name='thread' value='0-1'/>
            </labels>
            <parameters>
                <parameter kind='argument' name='browser' value='chrome-107.0.5304.121'/>
            </parameters>
            <steps>
                <step start='1669676298562' status='passed' stop='1669676299583'>
                    <name>Given Swag Labs url is open</name>
                    <title>Given Swag Labs url is open</title>
                    <attachments/>
                    <steps/>
                </step>
                <step start='1669676299583' status='passed' stop='1669676300758'>
                    <name>When User login with problem_user and secret_sauce</name>
                    <title>When User login with problem_user and secret_sauce</title>
                    <attachments/>
                    <steps/>
                </step>
                <step start='1669676300758' status='broken' stop='1669676307055'>
                    <name>Then User click on the login button</name>
                    <title>Then User click on the login button</title>
                    <attachments>
                        <attachment title='Screenshot' source='28130a86-e2f4-490b-ac21-651510ff24cd-attachment.png' type='image/png' size='859547'/>
                    </attachments>
                    <steps/>
                </step>
                <step start='1669676307055' status='canceled' stop='1669676307055'>
                    <name>Then The header title should match PRODUCTS</name>
                    <title>Then The header title should match PRODUCTS</title>
                    <attachments/>
                    <steps/>
                </step>
                <step start='1669676307056' status='canceled' stop='1669676307056'>
                    <name>Then Validate all products have a valid price</name>
                    <title>Then Validate all products have a valid price</title>
                    <attachments/>
                    <steps/>
                </step>
            </steps>
            <attachments/>
            <failure>
                <message>Error: element ("[type="submit"]") still not clickable after 5000ms</message>
                <stack-trace>Error: element ("[type="submit"]") still not clickable after 5000ms
                    at async LogingPage.Click (/Users/lisandrodossantossilvafernando/Desktop/WebDriverIO/test/page-objects/page.ts:15:9)
                    at async LogingPage.clickLoginButton (/Users/lisandrodossantossilvafernando/Desktop/WebDriverIO/test/page-objects/loginPage.ts:29:4)
                    at async World.&lt;anonymous> (/Users/lisandrodossantossilvafernando/Desktop/WebDriverIO/test/features/step-definitions/Then.ts:7:5)</stack-trace>
            </failure>
        </test-case>
        <test-case start='1669676307056' status='broken' stop='1669676320622'>
            <name>Validate the price</name>
            <title>Validate the price</title>
            <labels>
                <label name='language' value='javascript'/>
                <label name='framework' value='wdio'/>
                <label name='thread' value='0-1'/>
            </labels>
            <parameters>
                <parameter kind='argument' name='browser' value='chrome-107.0.5304.121'/>
            </parameters>
            <steps>
                <step start='1669676307056' status='passed' stop='1669676308075'>
                    <name>Given Swag Labs url is open</name>
                    <title>Given Swag Labs url is open</title>
                    <attachments/>
                    <steps/>
                </step>
                <step start='1669676308075' status='passed' stop='1669676314288'>
                    <name>When User login with performance_glitch_user and secret_sauce</name>
                    <title>When User login with performance_glitch_user and secret_sauce</title>
                    <attachments/>
                    <steps/>
                </step>
                <step start='1669676314288' status='broken' stop='1669676320622'>
                    <name>Then User click on the login button</name>
                    <title>Then User click on the login button</title>
                    <attachments>
                        <attachment title='Screenshot' source='37d95f71-db02-4733-a480-db3030dde8ef-attachment.png' type='image/png' size='1484696'/>
                    </attachments>
                    <steps/>
                </step>
                <step start='1669676320622' status='canceled' stop='1669676320622'>
                    <name>Then The header title should match PRODUCTS</name>
                    <title>Then The header title should match PRODUCTS</title>
                    <attachments/>
                    <steps/>
                </step>
                <step start='1669676320622' status='canceled' stop='1669676320622'>
                    <name>Then Validate all products have a valid price</name>
                    <title>Then Validate all products have a valid price</title>
                    <attachments/>
                    <steps/>
                </step>
            </steps>
            <attachments/>
            <failure>
                <message>Error: element ("[type="submit"]") still not clickable after 5000ms</message>
                <stack-trace>Error: element ("[type="submit"]") still not clickable after 5000ms
                    at async LogingPage.Click (/Users/lisandrodossantossilvafernando/Desktop/WebDriverIO/test/page-objects/page.ts:15:9)
                    at async LogingPage.clickLoginButton (/Users/lisandrodossantossilvafernando/Desktop/WebDriverIO/test/page-objects/loginPage.ts:29:4)
                    at async World.&lt;anonymous> (/Users/lisandrodossantossilvafernando/Desktop/WebDriverIO/test/features/step-definitions/Then.ts:7:5)</stack-trace>
            </failure>
        </test-case>
    </test-cases>
</ns2:test-suite>